{"numTotalTestSuites":309,"numPassedTestSuites":297,"numFailedTestSuites":12,"numPendingTestSuites":0,"numTotalTests":587,"numPassedTests":580,"numFailedTests":7,"numPendingTests":0,"numTodoTests":0,"startTime":1787350143389,"success":false,"testResults":[{"assertionResults":[{"ancestorTitles":["","Fase 7.2 — Full Evaluation Pipeline Verification"],"fullName":" Fase 7.2 — Full Evaluation Pipeline Verification evaluateProposal returns PROMOTABLE for safe, stable adaptation","status":"passed","title":"evaluateProposal returns PROMOTABLE for safe, stable adaptation","duration":1,"failureMessages":[]},{"ancestorTitles":["","Fase 7.2 — Full Evaluation Pipeline Verification"],"fullName":" Fase 7.2 — Full Evaluation Pipeline Verification evaluateProposal returns REJECTED_REGIME for lethal crisis regime","status":"passed","title":"evaluateProposal returns REJECTED_REGIME for lethal crisis regime","duration":1,"failureMessages":[]},{"ancestorTitles":["","Fase 7.2 — Full Evaluation Pipeline Verification"],"fullName":" Fase 7.2 — Full Evaluation Pipeline Verification records evolution entry and retrieves full ledger","status":"passed","title":"records evolution entry and retrieves full ledger","duration":29,"failureMessages":[]}],"startTime":1787350149243,"endTime":1787350149274,"status":"passed","message":"","name":"C:/Users/WDAGUtilityAccount/Downloads/Nova pasta/Lyzer-Edge/lyzer edge/tests/adaptive-evaluation/evaluationPipeline.test.js"},{"assertionResults":[{"ancestorTitles":["","Fase 7.2 — EvolutionLedger Verification"],"fullName":" Fase 7.2 — EvolutionLedger Verification records PROMOTION and retrieves evolution history","status":"passed","title":"records PROMOTION and retrieves evolution history","duration":18,"failureMessages":[]},{"ancestorTitles":["","Fase 7.2 — EvolutionLedger Verification"],"fullName":" Fase 7.2 — EvolutionLedger Verification records ROLLBACK with observed result post-hoc","status":"passed","title":"records ROLLBACK with observed result post-hoc","duration":15,"failureMessages":[]},{"ancestorTitles":["","Fase 7.2 — EvolutionLedger Verification"],"fullName":" Fase 7.2 — EvolutionLedger Verification getFullLedger returns all entries across modules","status":"passed","title":"getFullLedger returns all entries across modules","duration":21,"failureMessages":[]}],"startTime":1787350149156,"endTime":1787350149210,"status":"passed","message":"","name":"C:/Users/WDAGUtilityAccount/Downloads/Nova pasta/Lyzer-Edge/lyzer edge/tests/adaptive-evaluation/evolutionLedger.test.js"},{"assertionResults":[{"ancestorTitles":["","Fase 7.2 — AdaptationImpactAnalyzer Verification"],"fullName":" Fase 7.2 — AdaptationImpactAnalyzer Verification detects CRITICAL impact when trade frequency increases > 50%","status":"passed","title":"detects CRITICAL impact when trade frequency increases > 50%","duration":1,"failureMessages":[]},{"ancestorTitles":["","Fase 7.2 — AdaptationImpactAnalyzer Verification"],"fullName":" Fase 7.2 — AdaptationImpactAnalyzer Verification returns SAFE_IMPACT when all deltas are within thresholds","status":"passed","title":"returns SAFE_IMPACT when all deltas are within thresholds","duration":0,"failureMessages":[]}],"startTime":1787350150989,"endTime":1787350150990,"status":"passed","message":"","name":"C:/Users/WDAGUtilityAccount/Downloads/Nova pasta/Lyzer-Edge/lyzer edge/tests/adaptive-evaluation/impactAnalyzer.test.js"},{"assertionResults":[{"ancestorTitles":["","Fase 7.2 — RegimeStressEvaluator Verification"],"fullName":" Fase 7.2 — RegimeStressEvaluator Verification rejects proposals with lethal PnL (< -10%) in any regime","status":"passed","title":"rejects proposals with lethal PnL (< -10%) in any regime","duration":1,"failureMessages":[]},{"ancestorTitles":["","Fase 7.2 — RegimeStressEvaluator Verification"],"fullName":" Fase 7.2 — RegimeStressEvaluator Verification marks as STABLE when all regimes positive and RSS > 0.7","status":"passed","title":"marks as STABLE when all regimes positive and RSS > 0.7","duration":0,"failureMessages":[]},{"ancestorTitles":["","Fase 7.2 — RegimeStressEvaluator Verification"],"fullName":" Fase 7.2 — RegimeStressEvaluator Verification flags unanimity violation when any regime has negative PnL","status":"passed","title":"flags unanimity violation when any regime has negative PnL","duration":0,"failureMessages":[]}],"startTime":1787350150965,"endTime":1787350150966,"status":"passed","message":"","name":"C:/Users/WDAGUtilityAccount/Downloads/Nova pasta/Lyzer-Edge/lyzer edge/tests/adaptive-evaluation/regimeStress.test.js"},{"assertionResults":[{"ancestorTitles":["","Fase 7.2 — AdaptationRiskScore (ARS) Verification"],"fullName":" Fase 7.2 — AdaptationRiskScore (ARS) Verification scores SAFE (< 30) when impact and regime are clean","status":"passed","title":"scores SAFE (< 30) when impact and regime are clean","duration":0,"failureMessages":[]},{"ancestorTitles":["","Fase 7.2 — AdaptationRiskScore (ARS) Verification"],"fullName":" Fase 7.2 — AdaptationRiskScore (ARS) Verification scores BLOCKED (>= 80) when regime is rejected and impact is critical","status":"passed","title":"scores BLOCKED (>= 80) when regime is rejected and impact is critical","duration":0,"failureMessages":[]},{"ancestorTitles":["","Fase 7.2 — AdaptationRiskScore (ARS) Verification"],"fullName":" Fase 7.2 — AdaptationRiskScore (ARS) Verification scores OBSERVATION zone (30-60) for moderate risk","status":"passed","title":"scores OBSERVATION zone (30-60) for moderate risk","duration":0,"failureMessages":[]}],"startTime":1787350150044,"endTime":1787350150044,"status":"passed","message":"","name":"C:/Users/WDAGUtilityAccount/Downloads/Nova pasta/Lyzer-Edge/lyzer edge/tests/adaptive-evaluation/riskScore.test.js"},{"assertionResults":[{"ancestorTitles":["","Fase 7.3.1 — EvolutionExecutor Verification"],"fullName":" Fase 7.3.1 — EvolutionExecutor Verification creates EvolutionTransaction with correct state lifecycle: PENDING → ACTIVE → COMPLETED","status":"passed","title":"creates EvolutionTransaction with correct state lifecycle: PENDING → ACTIVE → COMPLETED","duration":0,"failureMessages":[]},{"ancestorTitles":["","Fase 7.3.1 — EvolutionExecutor Verification"],"fullName":" Fase 7.3.1 — EvolutionExecutor Verification marks transaction as ROLLED_BACK","status":"passed","title":"marks transaction as ROLLED_BACK","duration":0,"failureMessages":[]}],"startTime":1787350150879,"endTime":1787350150879,"status":"passed","message":"","name":"C:/Users/WDAGUtilityAccount/Downloads/Nova pasta/Lyzer-Edge/lyzer edge/tests/adaptive-evolution/evolutionExecutor.test.js"},{"assertionResults":[{"ancestorTitles":["","Fase 7.3 — Full Evolution Pipeline Verification"],"fullName":" Fase 7.3 — Full Evolution Pipeline Verification executes complete lifecycle: Transaction → Snapshot → Monitor → COMPLETED","status":"passed","title":"executes complete lifecycle: Transaction → Snapshot → Monitor → COMPLETED","duration":2,"failureMessages":[]},{"ancestorTitles":["","Fase 7.3 — Full Evolution Pipeline Verification"],"fullName":" Fase 7.3 — Full Evolution Pipeline Verification executes full rollback when degradation is detected during monitoring","status":"passed","title":"executes full rollback when degradation is detected during monitoring","duration":27,"failureMessages":[]}],"startTime":1787350148647,"endTime":1787350148676,"status":"passed","message":"","name":"C:/Users/WDAGUtilityAccount/Downloads/Nova pasta/Lyzer-Edge/lyzer edge/tests/adaptive-evolution/fullEvolutionPipeline.test.js"},{"assertionResults":[{"ancestorTitles":["","Fase 7.3.2 — ParameterVersionManager Verification"],"fullName":" Fase 7.3.2 — ParameterVersionManager Verification creates cognitive snapshots and computes diff","status":"passed","title":"creates cognitive snapshots and computes diff","duration":0,"failureMessages":[]},{"ancestorTitles":["","Fase 7.3.2 — ParameterVersionManager Verification"],"fullName":" Fase 7.3.2 — ParameterVersionManager Verification records lineage between versions","status":"passed","title":"records lineage between versions","duration":0,"failureMessages":[]},{"ancestorTitles":["","Fase 7.3.2 — ParameterVersionManager Verification"],"fullName":" Fase 7.3.2 — ParameterVersionManager Verification detects ADDED and REMOVED parameters in diff","status":"passed","title":"detects ADDED and REMOVED parameters in diff","duration":0,"failureMessages":[]}],"startTime":1787350150061,"endTime":1787350150061,"status":"passed","message":"","name":"C:/Users/WDAGUtilityAccount/Downloads/Nova pasta/Lyzer-Edge/lyzer edge/tests/adaptive-evolution/parameterVersion.test.js"},{"assertionResults":[{"ancestorTitles":["","Fase 7.3.4 — AutomaticRollbackEngine Verification"],"fullName":" Fase 7.3.4 — AutomaticRollbackEngine Verification executes rollback and quarantines failed proposal","status":"passed","title":"executes rollback and quarantines failed proposal","duration":18,"failureMessages":[]}],"startTime":1787350149856,"endTime":1787350149874,"status":"passed","message":"","name":"C:/Users/WDAGUtilityAccount/Downloads/Nova pasta/Lyzer-Edge/lyzer edge/tests/adaptive-evolution/rollbackEngine.test.js"},{"assertionResults":[{"ancestorTitles":["","Fase 7.3.3 — AdaptiveRuntimeMonitor Verification"],"fullName":" Fase 7.3.3 — AdaptiveRuntimeMonitor Verification emits KEEP verdict when metrics are healthy","status":"passed","title":"emits KEEP verdict when metrics are healthy","duration":0,"failureMessages":[]},{"ancestorTitles":["","Fase 7.3.3 — AdaptiveRuntimeMonitor Verification"],"fullName":" Fase 7.3.3 — AdaptiveRuntimeMonitor Verification emits ROLLBACK_REQUIRED when drawdown exceeds threshold","status":"passed","title":"emits ROLLBACK_REQUIRED when drawdown exceeds threshold","duration":1,"failureMessages":[]},{"ancestorTitles":["","Fase 7.3.3 — AdaptiveRuntimeMonitor Verification"],"fullName":" Fase 7.3.3 — AdaptiveRuntimeMonitor Verification marks observation complete after 200 trades with healthy metrics","status":"passed","title":"marks observation complete after 200 trades with healthy metrics","duration":0,"failureMessages":[]}],"startTime":1787350150052,"endTime":1787350150053,"status":"passed","message":"","name":"C:/Users/WDAGUtilityAccount/Downloads/Nova pasta/Lyzer-Edge/lyzer edge/tests/adaptive-evolution/runtimeMonitor.test.js"},{"assertionResults":[{"ancestorTitles":["","Fase 7.0.3 — AdaptiveScoreEngine Verification"],"fullName":" Fase 7.0.3 — AdaptiveScoreEngine Verification submits proposals with ACS > 95% to ECA Court","status":"passed","title":"submits proposals with ACS > 95% to ECA Court","duration":0,"failureMessages":[]},{"ancestorTitles":["","Fase 7.0.3 — AdaptiveScoreEngine Verification"],"fullName":" Fase 7.0.3 — AdaptiveScoreEngine Verification auto-rejects proposals with ACS < 80%","status":"passed","title":"auto-rejects proposals with ACS < 80%","duration":0,"failureMessages":[]}],"startTime":1787350151379,"endTime":1787350151379,"status":"passed","message":"","name":"C:/Users/WDAGUtilityAccount/Downloads/Nova pasta/Lyzer-Edge/lyzer edge/tests/adaptive-sandbox/adaptiveScore.test.js"},{"assertionResults":[{"ancestorTitles":["","Fase 7.0.1 — ParameterProposalEngine Verification"],"fullName":" Fase 7.0.1 — ParameterProposalEngine Verification creates ParameterProposal object with boundary clamping (max +/- 15%)","status":"passed","title":"creates ParameterProposal object with boundary clamping (max +/- 15%)","duration":0,"failureMessages":[]}],"startTime":1787350151864,"endTime":1787350151864,"status":"passed","message":"","name":"C:/Users/WDAGUtilityAccount/Downloads/Nova pasta/Lyzer-Edge/lyzer edge/tests/adaptive-sandbox/parameterProposal.test.js"},{"assertionResults":[{"ancestorTitles":["","Fase 7.1 — AdaptivePipelineController Full Cycle Verification"],"fullName":" Fase 7.1 — AdaptivePipelineController Full Cycle Verification runs a complete adaptive cycle: REFLECT → EXTRACT → PROPOSE → AUDIT → SHADOW → SCORE","status":"passed","title":"runs a complete adaptive cycle: REFLECT → EXTRACT → PROPOSE → AUDIT → SHADOW → SCORE","duration":23,"failureMessages":[]},{"ancestorTitles":["","Fase 7.1 — AdaptivePipelineController Full Cycle Verification"],"fullName":" Fase 7.1 — AdaptivePipelineController Full Cycle Verification rejects proposals below ACS threshold (< 80%)","status":"passed","title":"rejects proposals below ACS threshold (< 80%)","duration":18,"failureMessages":[]},{"ancestorTitles":["","Fase 7.1 — AdaptivePipelineController Full Cycle Verification"],"fullName":" Fase 7.1 — AdaptivePipelineController Full Cycle Verification monitors and executes proactive rollback on drawdown > 5%","status":"passed","title":"monitors and executes proactive rollback on drawdown > 5%","duration":18,"failureMessages":[]},{"ancestorTitles":["","Fase 7.1 — AdaptivePipelineController Full Cycle Verification"],"fullName":" Fase 7.1 — AdaptivePipelineController Full Cycle Verification returns HEALTHY when no degradation is detected","status":"passed","title":"returns HEALTHY when no degradation is detected","duration":19,"failureMessages":[]},{"ancestorTitles":["","Fase 7.1 — AdaptivePipelineController Full Cycle Verification"],"fullName":" Fase 7.1 — AdaptivePipelineController Full Cycle Verification pipeline log accumulates across multiple cycles","status":"passed","title":"pipeline log accumulates across multiple cycles","duration":16,"failureMessages":[]}],"startTime":1787350148093,"endTime":1787350148188,"status":"passed","message":"","name":"C:/Users/WDAGUtilityAccount/Downloads/Nova pasta/Lyzer-Edge/lyzer edge/tests/adaptive-sandbox/pipelineController.test.js"},{"assertionResults":[{"ancestorTitles":["","Fase 7.0 — Adaptive Sandbox Full Pipeline Verification"],"fullName":" Fase 7.0 — Adaptive Sandbox Full Pipeline Verification executes end-to-end sandbox proposal, shadow comparison, ACS scoring, and parameter versioning","status":"passed","title":"executes end-to-end sandbox proposal, shadow comparison, ACS scoring, and parameter versioning","duration":23,"failureMessages":[]}],"startTime":1787350150807,"endTime":1787350150830,"status":"passed","message":"","name":"C:/Users/WDAGUtilityAccount/Downloads/Nova pasta/Lyzer-Edge/lyzer edge/tests/adaptive-sandbox/sandboxPipeline.test.js"},{"assertionResults":[{"ancestorTitles":["","Fase 7.0.2 — AdaptiveShadowEngine Verification"],"fullName":" Fase 7.0.2 — AdaptiveShadowEngine Verification executes shadow comparison without modifying real engine state","status":"passed","title":"executes shadow comparison without modifying real engine state","duration":0,"failureMessages":[]}],"startTime":1787350151677,"endTime":1787350151677,"status":"passed","message":"","name":"C:/Users/WDAGUtilityAccount/Downloads/Nova pasta/Lyzer-Edge/lyzer edge/tests/adaptive-sandbox/shadowEngine.test.js"},{"assertionResults":[{"ancestorTitles":["","Fase 7.0.4 — ParameterVersionStore Verification"],"fullName":" Fase 7.0.4 — ParameterVersionStore Verification stores parameter versions and executes proactive rollback","status":"passed","title":"stores parameter versions and executes proactive rollback","duration":27,"failureMessages":[]}],"startTime":1787350151399,"endTime":1787350151426,"status":"passed","message":"","name":"C:/Users/WDAGUtilityAccount/Downloads/Nova pasta/Lyzer-Edge/lyzer edge/tests/adaptive-sandbox/versionStore.test.js"},{"assertionResults":[{"ancestorTitles":["","Phase 3.2 - ChartHost Stress & Performance Gate"],"fullName":" Phase 3.2 - ChartHost Stress & Performance Gate processes 10,000 tick updates within performance budget without memory leak","status":"passed","title":"processes 10,000 tick updates within performance budget without memory leak","duration":199,"failureMessages":[]}],"startTime":1787350148749,"endTime":1787350148948,"status":"passed","message":"","name":"C:/Users/WDAGUtilityAccount/Downloads/Nova pasta/Lyzer-Edge/lyzer edge/tests/browser/chartHost_stress.performance.test.js"},{"assertionResults":[],"startTime":1787350143389,"endTime":1787350143389,"status":"failed","message":"Failed to resolve import \"../../src/components/commandCenter/app/CommandCenterApp.js\" from \"tests/browser/commandCenter_shell.performance.test.js\". Does the file exist?","name":"C:/Users/WDAGUtilityAccount/Downloads/Nova pasta/Lyzer-Edge/lyzer edge/tests/browser/commandCenter_shell.performance.test.js"},{"assertionResults":[{"ancestorTitles":["","Autonomous Discovery & Multi-Agent Research Verification Suite","Auto Feature Discovery & Ring Buffer Performance"],"fullName":" Autonomous Discovery & Multi-Agent Research Verification Suite Auto Feature Discovery & Ring Buffer Performance discovers baseline features and synthesizes compound features cleanly","status":"passed","title":"discovers baseline features and synthesizes compound features cleanly","duration":1,"failureMessages":[]},{"ancestorTitles":["","Autonomous Discovery & Multi-Agent Research Verification Suite","Auto Feature Discovery & Ring Buffer Performance"],"fullName":" Autonomous Discovery & Multi-Agent Research Verification Suite Auto Feature Discovery & Ring Buffer Performance ZERO-ALLOCATION: Ring buffer pool achieves >25,000 feature vector writes/sec with 0 GC allocations","status":"passed","title":"ZERO-ALLOCATION: Ring buffer pool achieves >25,000 feature vector writes/sec with 0 GC allocations","duration":3,"failureMessages":[]},{"ancestorTitles":["","Autonomous Discovery & Multi-Agent Research Verification Suite","Multi-Agent Research Workflow"],"fullName":" Autonomous Discovery & Multi-Agent Research Verification Suite Multi-Agent Research Workflow executes autonomous multi-agent cycle across 6 specialized agents","status":"passed","title":"executes autonomous multi-agent cycle across 6 specialized agents","duration":1,"failureMessages":[]},{"ancestorTitles":["","Autonomous Discovery & Multi-Agent Research Verification Suite","TC39 Disposable Compliance"],"fullName":" Autonomous Discovery & Multi-Agent Research Verification Suite TC39 Disposable Compliance AutoFeatureDiscoveryEngine disposes correctly via [Symbol.dispose]()","status":"passed","title":"AutoFeatureDiscoveryEngine disposes correctly via [Symbol.dispose]()","duration":0,"failureMessages":[]},{"ancestorTitles":["","Autonomous Discovery & Multi-Agent Research Verification Suite","Zero-Trust Execution Safety & Signal Emission Check"],"fullName":" Autonomous Discovery & Multi-Agent Research Verification Suite Zero-Trust Execution Safety & Signal Emission Check ZERO TRADE SIGNALS: AutoFeatureDiscovery outputs zero BUY/SELL execution signals","status":"passed","title":"ZERO TRADE SIGNALS: AutoFeatureDiscovery outputs zero BUY/SELL execution signals","duration":2,"failureMessages":[]},{"ancestorTitles":["","Autonomous Discovery & Multi-Agent Research Verification Suite","Zero-Trust Execution Safety & Signal Emission Check"],"fullName":" Autonomous Discovery & Multi-Agent Research Verification Suite Zero-Trust Execution Safety & Signal Emission Check ZERO TRADE SIGNALS: StrategyGenomeEngine evolutionary outputs contain zero BUY/SELL trade signals","status":"passed","title":"ZERO TRADE SIGNALS: StrategyGenomeEngine evolutionary outputs contain zero BUY/SELL trade signals","duration":0,"failureMessages":[]}],"startTime":1787350148315,"endTime":1787350148322,"status":"passed","message":"","name":"C:/Users/WDAGUtilityAccount/Downloads/Nova pasta/Lyzer-Edge/lyzer edge/tests/autonomous-research/autonomousDiscoveryAndMultiAgentResearch.test.js"},{"assertionResults":[{"ancestorTitles":["","Fase 15 — ExpectedValueInfoEngine Verification"],"fullName":" Fase 15 — ExpectedValueInfoEngine Verification calculates EVI score and classifies HIGH_EVI_PRIORITY proposals","status":"passed","title":"calculates EVI score and classifies HIGH_EVI_PRIORITY proposals","duration":0,"failureMessages":[]}],"startTime":1787350151976,"endTime":1787350151976,"status":"passed","message":"","name":"C:/Users/WDAGUtilityAccount/Downloads/Nova pasta/Lyzer-Edge/lyzer edge/tests/autonomous-research/eviEngine.test.js"},{"assertionResults":[{"ancestorTitles":["","Fase 15 — Full Autonomous Research Lab Pipeline Verification"],"fullName":" Fase 15 — Full Autonomous Research Lab Pipeline Verification executes complete autonomous research cycle from gap detection to EVI evaluation and paper publication","status":"passed","title":"executes complete autonomous research cycle from gap detection to EVI evaluation and paper publication","duration":2,"failureMessages":[]}],"startTime":1787350151508,"endTime":1787350151510,"status":"passed","message":"","name":"C:/Users/WDAGUtilityAccount/Downloads/Nova pasta/Lyzer-Edge/lyzer edge/tests/autonomous-research/fullAutonomousResearchPipeline.test.js"},{"assertionResults":[{"ancestorTitles":["","Fase 15 — KnowledgeGapDetector Verification"],"fullName":" Fase 15 — KnowledgeGapDetector Verification detects UNTESTED_HYPOTHESIS and UNDER_EXPLORED_REGIME gaps in Knowledge Graph","status":"passed","title":"detects UNTESTED_HYPOTHESIS and UNDER_EXPLORED_REGIME gaps in Knowledge Graph","duration":1,"failureMessages":[]}],"startTime":1787350151832,"endTime":1787350151833,"status":"passed","message":"","name":"C:/Users/WDAGUtilityAccount/Downloads/Nova pasta/Lyzer-Edge/lyzer edge/tests/autonomous-research/knowledgeGapDetector.test.js"},{"assertionResults":[{"ancestorTitles":["","Fase 15 — ResearchPublicationEngine Verification"],"fullName":" Fase 15 — ResearchPublicationEngine Verification generates and stores internal scientific paper envelope","status":"passed","title":"generates and stores internal scientific paper envelope","duration":0,"failureMessages":[]}],"startTime":1787350151929,"endTime":1787350151929,"status":"passed","message":"","name":"C:/Users/WDAGUtilityAccount/Downloads/Nova pasta/Lyzer-Edge/lyzer edge/tests/autonomous-research/researchPublication.test.js"},{"assertionResults":[{"ancestorTitles":["","Fase 15 — ScientificBacklogManager Verification"],"fullName":" Fase 15 — ScientificBacklogManager Verification ranks proposals by EVI and allocates batch within compute budget limit","status":"passed","title":"ranks proposals by EVI and allocates batch within compute budget limit","duration":1,"failureMessages":[]}],"startTime":1787350151910,"endTime":1787350151911,"status":"passed","message":"","name":"C:/Users/WDAGUtilityAccount/Downloads/Nova pasta/Lyzer-Edge/lyzer edge/tests/autonomous-research/scientificBacklog.test.js"},{"assertionResults":[{"ancestorTitles":["","Strategy Genome & Research Lab — Performance, Safety & TC39 Compliance Audit"],"fullName":" Strategy Genome & Research Lab — Performance, Safety & TC39 Compliance Audit MUTATION SPEED: Strategy Genome evolutionary mutation throughput exceeds 10,000 mutations/sec","status":"passed","title":"MUTATION SPEED: Strategy Genome evolutionary mutation throughput exceeds 10,000 mutations/sec","duration":5,"failureMessages":[]},{"ancestorTitles":["","Strategy Genome & Research Lab — Performance, Safety & TC39 Compliance Audit"],"fullName":" Strategy Genome & Research Lab — Performance, Safety & TC39 Compliance Audit ZERO-TRUST SAFETY: Research and Strategy Genome engines produce ZERO trade signals (BUY/SELL)","status":"passed","title":"ZERO-TRUST SAFETY: Research and Strategy Genome engines produce ZERO trade signals (BUY/SELL)","duration":0,"failureMessages":[]},{"ancestorTitles":["","Strategy Genome & Research Lab — Performance, Safety & TC39 Compliance Audit"],"fullName":" Strategy Genome & Research Lab — Performance, Safety & TC39 Compliance Audit TC39 DISPOSABLE: Explicit Resource Management [Symbol.dispose] cleans up engines cleanly","status":"passed","title":"TC39 DISPOSABLE: Explicit Resource Management [Symbol.dispose] cleans up engines cleanly","duration":0,"failureMessages":[]},{"ancestorTitles":["","Strategy Genome & Research Lab — Performance, Safety & TC39 Compliance Audit"],"fullName":" Strategy Genome & Research Lab — Performance, Safety & TC39 Compliance Audit CONCEPT DRIFT: ConceptDriftEngine detects regime drift and shifts model to SHADOW_MODE","status":"passed","title":"CONCEPT DRIFT: ConceptDriftEngine detects regime drift and shifts model to SHADOW_MODE","duration":1,"failureMessages":[]}],"startTime":1787350148497,"endTime":1787350148503,"status":"passed","message":"","name":"C:/Users/WDAGUtilityAccount/Downloads/Nova pasta/Lyzer-Edge/lyzer edge/tests/autonomous-research/strategyGenomeMutationPerformance.test.js"},{"assertionResults":[{"ancestorTitles":["","Fase 6 — Causal Learning Full Pipeline Verification"],"fullName":" Fase 6 — Causal Learning Full Pipeline Verification mines causal memory, constructs knowledge graph, and saves semantic memory","status":"passed","title":"mines causal memory, constructs knowledge graph, and saves semantic memory","duration":13,"failureMessages":[]}],"startTime":1787350151026,"endTime":1787350151039,"status":"passed","message":"","name":"C:/Users/WDAGUtilityAccount/Downloads/Nova pasta/Lyzer-Edge/lyzer edge/tests/causal-learning/causalLearningPipeline.test.js"},{"assertionResults":[{"ancestorTitles":["","Fase 6.5 — CognitiveAuditor Verification"],"fullName":" Fase 6.5 — CognitiveAuditor Verification approves compliant parameter proposals (N >= 500, PnL > +5%, multi-regime stable)","status":"passed","title":"approves compliant parameter proposals (N >= 500, PnL > +5%, multi-regime stable)","duration":1,"failureMessages":[]},{"ancestorTitles":["","Fase 6.5 — CognitiveAuditor Verification"],"fullName":" Fase 6.5 — CognitiveAuditor Verification rejects proposals with insufficient samples or constitutional violations","status":"passed","title":"rejects proposals with insufficient samples or constitutional violations","duration":0,"failureMessages":[]}],"startTime":1787350151207,"endTime":1787350151208,"status":"passed","message":"","name":"C:/Users/WDAGUtilityAccount/Downloads/Nova pasta/Lyzer-Edge/lyzer edge/tests/causal-learning/cognitiveAuditor.test.js"},{"assertionResults":[{"ancestorTitles":["","Fase 6.2 — HypothesisEngine Verification"],"fullName":" Fase 6.2 — HypothesisEngine Verification validates matching prediction vs reality","status":"passed","title":"validates matching prediction vs reality","duration":0,"failureMessages":[]},{"ancestorTitles":["","Fase 6.2 — HypothesisEngine Verification"],"fullName":" Fase 6.2 — HypothesisEngine Verification invalidates hypothesis upon regime divergence or negative PnL","status":"passed","title":"invalidates hypothesis upon regime divergence or negative PnL","duration":0,"failureMessages":[]}],"startTime":1787350151566,"endTime":1787350151566,"status":"passed","message":"","name":"C:/Users/WDAGUtilityAccount/Downloads/Nova pasta/Lyzer-Edge/lyzer edge/tests/causal-learning/hypothesisEngine.test.js"},{"assertionResults":[{"ancestorTitles":["","Fase 6.4 — CognitiveKnowledgeGraph Verification"],"fullName":" Fase 6.4 — CognitiveKnowledgeGraph Verification constructs directed causal graph with nodes and edges","status":"passed","title":"constructs directed causal graph with nodes and edges","duration":0,"failureMessages":[]}],"startTime":1787350151767,"endTime":1787350151767,"status":"passed","message":"","name":"C:/Users/WDAGUtilityAccount/Downloads/Nova pasta/Lyzer-Edge/lyzer edge/tests/causal-learning/knowledgeGraph.test.js"},{"assertionResults":[{"ancestorTitles":["","Fase 6.1 — MemoryMiningEngine Verification"],"fullName":" Fase 6.1 — MemoryMiningEngine Verification mines repeating epistemic patterns from causal memory","status":"passed","title":"mines repeating epistemic patterns from causal memory","duration":24,"failureMessages":[]}],"startTime":1787350151130,"endTime":1787350151154,"status":"passed","message":"","name":"C:/Users/WDAGUtilityAccount/Downloads/Nova pasta/Lyzer-Edge/lyzer edge/tests/causal-learning/memoryMining.test.js"},{"assertionResults":[{"ancestorTitles":["","CausalMemoryAdapter Full Pipeline Flow (Observation -> Execution)"],"fullName":" CausalMemoryAdapter Full Pipeline Flow (Observation -> Execution) records full 5-stage causal chain without altering engine state","status":"passed","title":"records full 5-stage causal chain without altering engine state","duration":7,"failureMessages":[]}],"startTime":1787350149898,"endTime":1787350149905,"status":"passed","message":"","name":"C:/Users/WDAGUtilityAccount/Downloads/Nova pasta/Lyzer-Edge/lyzer edge/tests/causal-memory/causalPipeline.test.js"},{"assertionResults":[{"ancestorTitles":["","Sprint 1 — CSRL Snapshot Capture (REALITY_SNAPSHOT_CREATED)"],"fullName":" Sprint 1 — CSRL Snapshot Capture (REALITY_SNAPSHOT_CREATED) records compressed tensor snapshot event without memory overhead","status":"passed","title":"records compressed tensor snapshot event without memory overhead","duration":7,"failureMessages":[]}],"startTime":1787350151543,"endTime":1787350151550,"status":"passed","message":"","name":"C:/Users/WDAGUtilityAccount/Downloads/Nova pasta/Lyzer-Edge/lyzer edge/tests/causal-memory/csrlSnapshot.test.js"},{"assertionResults":[{"ancestorTitles":["","EventFactory & UUIDv7 Verification"],"fullName":" EventFactory & UUIDv7 Verification generates valid UUIDv7 string with timestamp prefix","status":"passed","title":"generates valid UUIDv7 string with timestamp prefix","duration":0,"failureMessages":[]},{"ancestorTitles":["","EventFactory & UUIDv7 Verification"],"fullName":" EventFactory & UUIDv7 Verification creates valid event conforming to ADR-007 schema","status":"passed","title":"creates valid event conforming to ADR-007 schema","duration":1,"failureMessages":[]},{"ancestorTitles":["","EventFactory & UUIDv7 Verification"],"fullName":" EventFactory & UUIDv7 Verification computes deterministic SHA-256 hash","status":"passed","title":"computes deterministic SHA-256 hash","duration":0,"failureMessages":[]}],"startTime":1787350150976,"endTime":1787350150977,"status":"passed","message":"","name":"C:/Users/WDAGUtilityAccount/Downloads/Nova pasta/Lyzer-Edge/lyzer edge/tests/causal-memory/eventFactory.test.js"},{"assertionResults":[{"ancestorTitles":["","EventStore & SQLite Append-Only Log Verification"],"fullName":" EventStore & SQLite Append-Only Log Verification appends events sequentially maintaining hash chain","status":"passed","title":"appends events sequentially maintaining hash chain","duration":6,"failureMessages":[]}],"startTime":1787350151175,"endTime":1787350151181,"status":"passed","message":"","name":"C:/Users/WDAGUtilityAccount/Downloads/Nova pasta/Lyzer-Edge/lyzer edge/tests/causal-memory/eventStore.test.js"},{"assertionResults":[{"ancestorTitles":["","EventValidator & Hash Chain Integrity Verification"],"fullName":" EventValidator & Hash Chain Integrity Verification approves valid event with matching hash and chain link","status":"passed","title":"approves valid event with matching hash and chain link","duration":0,"failureMessages":[]},{"ancestorTitles":["","EventValidator & Hash Chain Integrity Verification"],"fullName":" EventValidator & Hash Chain Integrity Verification throws error if hash chain is broken (prevHash mismatch)","status":"passed","title":"throws error if hash chain is broken (prevHash mismatch)","duration":0,"failureMessages":[]},{"ancestorTitles":["","EventValidator & Hash Chain Integrity Verification"],"fullName":" EventValidator & Hash Chain Integrity Verification throws error if event payload has been tampered with (hash mismatch)","status":"passed","title":"throws error if event payload has been tampered with (hash mismatch)","duration":1,"failureMessages":[]}],"startTime":1787350151054,"endTime":1787350151055,"status":"passed","message":"","name":"C:/Users/WDAGUtilityAccount/Downloads/Nova pasta/Lyzer-Edge/lyzer edge/tests/causal-memory/eventValidator.test.js"},{"assertionResults":[{"ancestorTitles":["","Sprint 3 — Learning Loop & 100% CCS Score Validation"],"fullName":" Sprint 3 — Learning Loop & 100% CCS Score Validation records LEARNING_FEEDBACK event and validates 100% Causal Completeness Score","status":"passed","title":"records LEARNING_FEEDBACK event and validates 100% Causal Completeness Score","duration":15,"failureMessages":[]}],"startTime":1787350149792,"endTime":1787350149807,"status":"passed","message":"","name":"C:/Users/WDAGUtilityAccount/Downloads/Nova pasta/Lyzer-Edge/lyzer edge/tests/causal-memory/learningLoop.test.js"},{"assertionResults":[{"ancestorTitles":["","RewindEngine & Temporal Reconstruction Verification"],"fullName":" RewindEngine & Temporal Reconstruction Verification rewinds and reconstructs historical perceived state at timestamp T0","status":"passed","title":"rewinds and reconstructs historical perceived state at timestamp T0","duration":7,"failureMessages":[]}],"startTime":1787350150863,"endTime":1787350150870,"status":"passed","message":"","name":"C:/Users/WDAGUtilityAccount/Downloads/Nova pasta/Lyzer-Edge/lyzer edge/tests/causal-memory/rewindEngine.test.js"},{"assertionResults":[{"ancestorTitles":["","Sprint 2 — SMC Feature Events (FEATURE_GENERATED)"],"fullName":" Sprint 2 — SMC Feature Events (FEATURE_GENERATED) records SMC features (OrderBlocks, LiquidityPools, MarketStructure)","status":"passed","title":"records SMC features (OrderBlocks, LiquidityPools, MarketStructure)","duration":5,"failureMessages":[]}],"startTime":1787350151332,"endTime":1787350151337,"status":"passed","message":"","name":"C:/Users/WDAGUtilityAccount/Downloads/Nova pasta/Lyzer-Edge/lyzer edge/tests/causal-memory/smcFeatureEvent.test.js"},{"assertionResults":[],"startTime":1787350143389,"endTime":1787350143389,"status":"failed","message":"Failed to resolve import \"../../../packages/lyzer-shared/src/causality/edgeValidator.js\" from \"tests/causality/causality_modules.test.js\". Does the file exist?","name":"C:/Users/WDAGUtilityAccount/Downloads/Nova pasta/Lyzer-Edge/lyzer edge/tests/causality/causality_modules.test.js"},{"assertionResults":[{"ancestorTitles":["","Fase 6.6 — ConfidenceDecayEngine Verification"],"fullName":" Fase 6.6 — ConfidenceDecayEngine Verification applies exponential half-life decay to pattern confidence score","status":"passed","title":"applies exponential half-life decay to pattern confidence score","duration":0,"failureMessages":[]}],"startTime":1787350151936,"endTime":1787350151936,"status":"passed","message":"","name":"C:/Users/WDAGUtilityAccount/Downloads/Nova pasta/Lyzer-Edge/lyzer edge/tests/causal-reflection/confidenceDecay.test.js"},{"assertionResults":[{"ancestorTitles":["","Fase 6.6 — KnowledgeConflictResolver Verification"],"fullName":" Fase 6.6 — KnowledgeConflictResolver Verification arbitrates conflicting patterns based on composite confidence, sample size, and PnL","status":"passed","title":"arbitrates conflicting patterns based on composite confidence, sample size, and PnL","duration":0,"failureMessages":[]}],"startTime":1787350151720,"endTime":1787350151720,"status":"passed","message":"","name":"C:/Users/WDAGUtilityAccount/Downloads/Nova pasta/Lyzer-Edge/lyzer edge/tests/causal-reflection/conflictResolver.test.js"},{"assertionResults":[{"ancestorTitles":["","Fase 6.6 — CounterfactualSimulator Verification"],"fullName":" Fase 6.6 — CounterfactualSimulator Verification simulates counterfactual what-if scenarios on historical judgments","status":"passed","title":"simulates counterfactual what-if scenarios on historical judgments","duration":25,"failureMessages":[]}],"startTime":1787350150929,"endTime":1787350150954,"status":"passed","message":"","name":"C:/Users/WDAGUtilityAccount/Downloads/Nova pasta/Lyzer-Edge/lyzer edge/tests/causal-reflection/counterfactualSimulator.test.js"},{"assertionResults":[{"ancestorTitles":["","Fase 6.6 — ReflectionEngine Verification"],"fullName":" Fase 6.6 — ReflectionEngine Verification executes offline dream cycle and generates metacognitive report","status":"passed","title":"executes offline dream cycle and generates metacognitive report","duration":8,"failureMessages":[]}],"startTime":1787350151628,"endTime":1787350151636,"status":"passed","message":"","name":"C:/Users/WDAGUtilityAccount/Downloads/Nova pasta/Lyzer-Edge/lyzer edge/tests/causal-reflection/reflectionEngine.test.js"},{"assertionResults":[{"ancestorTitles":["","Fase 6.6 — Causal Reflection Full Pipeline Verification"],"fullName":" Fase 6.6 — Causal Reflection Full Pipeline Verification executes end-to-end metacognitive reflection cycle","status":"passed","title":"executes end-to-end metacognitive reflection cycle","duration":3,"failureMessages":[]}],"startTime":1787350152004,"endTime":1787350152007,"status":"passed","message":"","name":"C:/Users/WDAGUtilityAccount/Downloads/Nova pasta/Lyzer-Edge/lyzer edge/tests/causal-reflection/reflectionPipeline.test.js"},{"assertionResults":[{"ancestorTitles":["","Fase 8 — AnomalyDetectionEngine Verification"],"fullName":" Fase 8 — AnomalyDetectionEngine Verification detects high-severity volatility anomaly when Z-score exceeds threshold","status":"passed","title":"detects high-severity volatility anomaly when Z-score exceeds threshold","duration":1,"failureMessages":[]},{"ancestorTitles":["","Fase 8 — AnomalyDetectionEngine Verification"],"fullName":" Fase 8 — AnomalyDetectionEngine Verification returns NONE severity when market is normal","status":"passed","title":"returns NONE severity when market is normal","duration":0,"failureMessages":[]}],"startTime":1787350151557,"endTime":1787350151558,"status":"passed","message":"","name":"C:/Users/WDAGUtilityAccount/Downloads/Nova pasta/Lyzer-Edge/lyzer edge/tests/cognitive-intelligence/anomalyDetection.test.js"},{"assertionResults":[{"ancestorTitles":["","Fase 8 — FeatureDiscoveryEngine Verification"],"fullName":" Fase 8 — FeatureDiscoveryEngine Verification discovers correlated composite features from dataset","status":"passed","title":"discovers correlated composite features from dataset","duration":0,"failureMessages":[]}],"startTime":1787350151858,"endTime":1787350151858,"status":"passed","message":"","name":"C:/Users/WDAGUtilityAccount/Downloads/Nova pasta/Lyzer-Edge/lyzer edge/tests/cognitive-intelligence/featureDiscovery.test.js"},{"assertionResults":[{"ancestorTitles":["","Fase 8 — Full Cognitive Market Intelligence Pipeline Verification"],"fullName":" Fase 8 — Full Cognitive Market Intelligence Pipeline Verification runs complete intelligence cycle: Regime → Feature → Hypothesis → Strategy Candidates","status":"passed","title":"runs complete intelligence cycle: Regime → Feature → Hypothesis → Strategy Candidates","duration":1,"failureMessages":[]}],"startTime":1787350150143,"endTime":1787350150144,"status":"passed","message":"","name":"C:/Users/WDAGUtilityAccount/Downloads/Nova pasta/Lyzer-Edge/lyzer edge/tests/cognitive-intelligence/fullIntelligencePipeline.test.js"},{"assertionResults":[{"ancestorTitles":["","Fase 8 — HypothesisGenerator Verification"],"fullName":" Fase 8 — HypothesisGenerator Verification generates hypotheses based on crisis regime and discovered features","status":"passed","title":"generates hypotheses based on crisis regime and discovered features","duration":0,"failureMessages":[]}],"startTime":1787350151878,"endTime":1787350151878,"status":"passed","message":"","name":"C:/Users/WDAGUtilityAccount/Downloads/Nova pasta/Lyzer-Edge/lyzer edge/tests/cognitive-intelligence/hypothesisGenerator.test.js"},{"assertionResults":[{"ancestorTitles":["","Fase 8 — RegimeDiscoveryEngine Verification"],"fullName":" Fase 8 — RegimeDiscoveryEngine Verification identifies CRISIS regime when volatility is high and DVF is low","status":"passed","title":"identifies CRISIS regime when volatility is high and DVF is low","duration":1,"failureMessages":[]},{"ancestorTitles":["","Fase 8 — RegimeDiscoveryEngine Verification"],"fullName":" Fase 8 — RegimeDiscoveryEngine Verification identifies CONSENSUS regime when TRG and DVF are high","status":"passed","title":"identifies CONSENSUS regime when TRG and DVF are high","duration":0,"failureMessages":[]}],"startTime":1787350151601,"endTime":1787350151602,"status":"passed","message":"","name":"C:/Users/WDAGUtilityAccount/Downloads/Nova pasta/Lyzer-Edge/lyzer edge/tests/cognitive-intelligence/regimeDiscovery.test.js"},{"assertionResults":[{"ancestorTitles":["","Fase 8 — StrategyCandidateEngine Verification"],"fullName":" Fase 8 — StrategyCandidateEngine Verification creates StrategyCandidate packages from hypotheses and discovered features","status":"passed","title":"creates StrategyCandidate packages from hypotheses and discovered features","duration":0,"failureMessages":[]}],"startTime":1787350151592,"endTime":1787350151592,"status":"passed","message":"","name":"C:/Users/WDAGUtilityAccount/Downloads/Nova pasta/Lyzer-Edge/lyzer edge/tests/cognitive-intelligence/strategyCandidate.test.js"},{"assertionResults":[{"ancestorTitles":["","Fase 12 — Full Cognitive Operations & Telemetry Pipeline Verification"],"fullName":" Fase 12 — Full Cognitive Operations & Telemetry Pipeline Verification runs complete ops status report with telemetry, tracing, and profiling","status":"passed","title":"runs complete ops status report with telemetry, tracing, and profiling","duration":1,"failureMessages":[]}],"startTime":1787350151307,"endTime":1787350151308,"status":"passed","message":"","name":"C:/Users/WDAGUtilityAccount/Downloads/Nova pasta/Lyzer-Edge/lyzer edge/tests/cognitive-operations/fullOperationsPipeline.test.js"},{"assertionResults":[{"ancestorTitles":["","Fase 12 — PerformanceProfilingMonitor Verification"],"fullName":" Fase 12 — PerformanceProfilingMonitor Verification captures memory performance snapshot and detects stage bottlenecks","status":"passed","title":"captures memory performance snapshot and detects stage bottlenecks","duration":0,"failureMessages":[]}],"startTime":1787350151815,"endTime":1787350151815,"status":"passed","message":"","name":"C:/Users/WDAGUtilityAccount/Downloads/Nova pasta/Lyzer-Edge/lyzer edge/tests/cognitive-operations/performanceProfiling.test.js"},{"assertionResults":[{"ancestorTitles":["","Fase 12 — PipelineTracingEngine Verification"],"fullName":" Fase 12 — PipelineTracingEngine Verification tracks end-to-end pipeline stages and duration","status":"passed","title":"tracks end-to-end pipeline stages and duration","duration":0,"failureMessages":[]}],"startTime":1787350151696,"endTime":1787350151696,"status":"passed","message":"","name":"C:/Users/WDAGUtilityAccount/Downloads/Nova pasta/Lyzer-Edge/lyzer edge/tests/cognitive-operations/pipelineTracing.test.js"},{"assertionResults":[{"ancestorTitles":["","Fase 12 — CognitiveTelemetryAggregator Verification"],"fullName":" Fase 12 — CognitiveTelemetryAggregator Verification aggregates 6 cognitive scores and calculates GCHI in HEALTHY zone","status":"passed","title":"aggregates 6 cognitive scores and calculates GCHI in HEALTHY zone","duration":1,"failureMessages":[]},{"ancestorTitles":["","Fase 12 — CognitiveTelemetryAggregator Verification"],"fullName":" Fase 12 — CognitiveTelemetryAggregator Verification triggers CRITICAL_RISK when ARS exceeds 80 or GCHI drops below 60","status":"passed","title":"triggers CRITICAL_RISK when ARS exceeds 80 or GCHI drops below 60","duration":0,"failureMessages":[]}],"startTime":1787350151358,"endTime":1787350151359,"status":"passed","message":"","name":"C:/Users/WDAGUtilityAccount/Downloads/Nova pasta/Lyzer-Edge/lyzer edge/tests/cognitive-operations/telemetryAggregator.test.js"},{"assertionResults":[{"ancestorTitles":["","Fase 10.4 — CapitalAllocationGovernor Verification"],"fullName":" Fase 10.4 — CapitalAllocationGovernor Verification caps single strategy exposure at 30% and rejects allocations with low CAS (< 50)","status":"passed","title":"caps single strategy exposure at 30% and rejects allocations with low CAS (< 50)","duration":1,"failureMessages":[]}],"startTime":1787350151365,"endTime":1787350151366,"status":"passed","message":"","name":"C:/Users/WDAGUtilityAccount/Downloads/Nova pasta/Lyzer-Edge/lyzer edge/tests/cognitive-portfolio/capitalGovernor.test.js"},{"assertionResults":[{"ancestorTitles":["","Fase 10.2 — CorrelationMatrixEngine Verification"],"fullName":" Fase 10.2 — CorrelationMatrixEngine Verification computes pairwise return correlation matrix and detects high correlation risk","status":"passed","title":"computes pairwise return correlation matrix and detects high correlation risk","duration":0,"failureMessages":[]}],"startTime":1787350151706,"endTime":1787350151706,"status":"passed","message":"","name":"C:/Users/WDAGUtilityAccount/Downloads/Nova pasta/Lyzer-Edge/lyzer edge/tests/cognitive-portfolio/correlationMatrix.test.js"},{"assertionResults":[{"ancestorTitles":["","Fase 10 — Full Cognitive Portfolio Intelligence Pipeline Verification"],"fullName":" Fase 10 — Full Cognitive Portfolio Intelligence Pipeline Verification runs complete portfolio optimization: Register Genomes → Correlation Matrix → Regime Allocation → CAS → Capital Governor","status":"passed","title":"runs complete portfolio optimization: Register Genomes → Correlation Matrix → Regime Allocation → CAS → Capital Governor","duration":1,"failureMessages":[]}],"startTime":1787350150281,"endTime":1787350150282,"status":"passed","message":"","name":"C:/Users/WDAGUtilityAccount/Downloads/Nova pasta/Lyzer-Edge/lyzer edge/tests/cognitive-portfolio/fullPortfolioPipeline.test.js"},{"assertionResults":[{"ancestorTitles":["","Fase 10.1 — StrategyGenomeRegistry Verification"],"fullName":" Fase 10.1 — StrategyGenomeRegistry Verification registers strategy genome and queries by regime","status":"passed","title":"registers strategy genome and queries by regime","duration":0,"failureMessages":[]}],"startTime":1787350151799,"endTime":1787350151799,"status":"passed","message":"","name":"C:/Users/WDAGUtilityAccount/Downloads/Nova pasta/Lyzer-Edge/lyzer edge/tests/cognitive-portfolio/genomeRegistry.test.js"},{"assertionResults":[{"ancestorTitles":["","Fase 10 — PortfolioIntelligenceEngine Verification"],"fullName":" Fase 10 — PortfolioIntelligenceEngine Verification computes Cognitive Allocation Score (CAS) and categorizes into CORE_ALLOCATION zone","status":"passed","title":"computes Cognitive Allocation Score (CAS) and categorizes into CORE_ALLOCATION zone","duration":0,"failureMessages":[]}],"startTime":1787350151896,"endTime":1787350151896,"status":"passed","message":"","name":"C:/Users/WDAGUtilityAccount/Downloads/Nova pasta/Lyzer-Edge/lyzer edge/tests/cognitive-portfolio/portfolioIntelligence.test.js"},{"assertionResults":[{"ancestorTitles":["","Fase 10.3 — RegimeAllocationEngine Verification"],"fullName":" Fase 10.3 — RegimeAllocationEngine Verification allocates capital and cash reserve according to market regime","status":"passed","title":"allocates capital and cash reserve according to market regime","duration":0,"failureMessages":[]}],"startTime":1787350151576,"endTime":1787350151576,"status":"passed","message":"","name":"C:/Users/WDAGUtilityAccount/Downloads/Nova pasta/Lyzer-Edge/lyzer edge/tests/cognitive-portfolio/regimeAllocation.test.js"},{"assertionResults":[{"ancestorTitles":["","Fase 13 — CognitiveKernel Verification"],"fullName":" Fase 13 — CognitiveKernel Verification orchestrates market tick execution through event bus and workers","status":"passed","title":"orchestrates market tick execution through event bus and workers","duration":0,"failureMessages":[]}],"startTime":1787350151841,"endTime":1787350151841,"status":"passed","message":"","name":"C:/Users/WDAGUtilityAccount/Downloads/Nova pasta/Lyzer-Edge/lyzer edge/tests/distributed-runtime/cognitiveKernel.test.js"},{"assertionResults":[{"ancestorTitles":["","Fase 13 — DependencyContainer Verification"],"fullName":" Fase 13 — DependencyContainer Verification registers and resolves singleton services and lazy factories","status":"passed","title":"registers and resolves singleton services and lazy factories","duration":0,"failureMessages":[]}],"startTime":1787350151922,"endTime":1787350151922,"status":"passed","message":"","name":"C:/Users/WDAGUtilityAccount/Downloads/Nova pasta/Lyzer-Edge/lyzer edge/tests/distributed-runtime/dependencyContainer.test.js"},{"assertionResults":[{"ancestorTitles":["","Fase 13 — CognitiveEventBus Verification"],"fullName":" Fase 13 — CognitiveEventBus Verification publishes events to subscribers and stores in immutable Event Store","status":"passed","title":"publishes events to subscribers and stores in immutable Event Store","duration":0,"failureMessages":[]}],"startTime":1787350151888,"endTime":1787350151888,"status":"passed","message":"","name":"C:/Users/WDAGUtilityAccount/Downloads/Nova pasta/Lyzer-Edge/lyzer edge/tests/distributed-runtime/eventBus.test.js"},{"assertionResults":[{"ancestorTitles":["","Fase 13 — Full Distributed Runtime & Cognitive Kernel Pipeline Verification"],"fullName":" Fase 13 — Full Distributed Runtime & Cognitive Kernel Pipeline Verification executes end-to-end distributed runtime pipeline across event bus and container","status":"passed","title":"executes end-to-end distributed runtime pipeline across event bus and container","duration":1,"failureMessages":[]}],"startTime":1787350151744,"endTime":1787350151745,"status":"passed","message":"","name":"C:/Users/WDAGUtilityAccount/Downloads/Nova pasta/Lyzer-Edge/lyzer edge/tests/distributed-runtime/fullDistributedRuntimePipeline.test.js"},{"assertionResults":[{"ancestorTitles":["","Fase 13 — WorkerPoolEngine Verification"],"fullName":" Fase 13 — WorkerPoolEngine Verification dispatches tasks to specialist workers and tracks worker metrics","status":"passed","title":"dispatches tasks to specialist workers and tracks worker metrics","duration":0,"failureMessages":[]}],"startTime":1787350151969,"endTime":1787350151969,"status":"passed","message":"","name":"C:/Users/WDAGUtilityAccount/Downloads/Nova pasta/Lyzer-Edge/lyzer edge/tests/distributed-runtime/workerPool.test.js"},{"assertionResults":[{"ancestorTitles":[""],"fullName":" E2E Cognitive Flow Validation","status":"passed","title":"E2E Cognitive Flow Validation","duration":2,"failureMessages":[]}],"startTime":1787350148271,"endTime":1787350148273,"status":"passed","message":"","name":"C:/Users/WDAGUtilityAccount/Downloads/Nova pasta/Lyzer-Edge/lyzer edge/tests/e2e/cognitive_flow.test.js"},{"assertionResults":[{"ancestorTitles":[""],"fullName":" Dual Reality Monitor Verification","status":"passed","title":"Dual Reality Monitor Verification","duration":10,"failureMessages":[]}],"startTime":1787350148448,"endTime":1787350148458,"status":"passed","message":"","name":"C:/Users/WDAGUtilityAccount/Downloads/Nova pasta/Lyzer-Edge/lyzer edge/tests/e2e/dual_reality_monitor.test.js"},{"assertionResults":[{"ancestorTitles":["","StreamEngine SMC Transformation - Tier 1: Feature Coverage (55 tests)"],"fullName":" StreamEngine SMC Transformation - Tier 1: Feature Coverage (55 tests) Tier 1 - F1 (MTF) 1: Ingestion of 1m candle updates fast candles list","status":"passed","title":"Tier 1 - F1 (MTF) 1: Ingestion of 1m candle updates fast candles list","duration":3,"failureMessages":[]},{"ancestorTitles":["","StreamEngine SMC Transformation - Tier 1: Feature Coverage (55 tests)"],"fullName":" StreamEngine SMC Transformation - Tier 1: Feature Coverage (55 tests) Tier 1 - F1 (MTF) 2: Ingestion of 5m candle updates intermediate candles list","status":"passed","title":"Tier 1 - F1 (MTF) 2: Ingestion of 5m candle updates intermediate candles list","duration":0,"failureMessages":[]},{"ancestorTitles":["","StreamEngine SMC Transformation - Tier 1: Feature Coverage (55 tests)"],"fullName":" StreamEngine SMC Transformation - Tier 1: Feature Coverage (55 tests) Tier 1 - F1 (MTF) 3: Timeframe aliases correctly resolve to lists","status":"passed","title":"Tier 1 - F1 (MTF) 3: Timeframe aliases correctly resolve to lists","duration":1,"failureMessages":[]},{"ancestorTitles":["","StreamEngine SMC Transformation - Tier 1: Feature Coverage (55 tests)"],"fullName":" StreamEngine SMC Transformation - Tier 1: Feature Coverage (55 tests) Tier 1 - F1 (MTF) 4: Warmup synthetic candles populates candles history","status":"passed","title":"Tier 1 - F1 (MTF) 4: Warmup synthetic candles populates candles history","duration":1,"failureMessages":[]},{"ancestorTitles":["","StreamEngine SMC Transformation - Tier 1: Feature Coverage (55 tests)"],"fullName":" StreamEngine SMC Transformation - Tier 1: Feature Coverage (55 tests) Tier 1 - F1 (MTF) 5: Ingesting newer candles correctly pushes to the list","status":"passed","title":"Tier 1 - F1 (MTF) 5: Ingesting newer candles correctly pushes to the list","duration":2,"failureMessages":[]},{"ancestorTitles":["","StreamEngine SMC Transformation - Tier 1: Feature Coverage (55 tests)"],"fullName":" StreamEngine SMC Transformation - Tier 1: Feature Coverage (55 tests) Tier 1 - F2 (V1 SMC) 1: Bullish FVG signal detection","status":"passed","title":"Tier 1 - F2 (V1 SMC) 1: Bullish FVG signal detection","duration":0,"failureMessages":[]},{"ancestorTitles":["","StreamEngine SMC Transformation - Tier 1: Feature Coverage (55 tests)"],"fullName":" StreamEngine SMC Transformation - Tier 1: Feature Coverage (55 tests) Tier 1 - F2 (V1 SMC) 2: Bearish FVG signal detection","status":"passed","title":"Tier 1 - F2 (V1 SMC) 2: Bearish FVG signal detection","duration":0,"failureMessages":[]},{"ancestorTitles":["","StreamEngine SMC Transformation - Tier 1: Feature Coverage (55 tests)"],"fullName":" StreamEngine SMC Transformation - Tier 1: Feature Coverage (55 tests) Tier 1 - F2 (V1 SMC) 3: Sell-side liquidity sweep signal detection","status":"passed","title":"Tier 1 - F2 (V1 SMC) 3: Sell-side liquidity sweep signal detection","duration":1,"failureMessages":[]},{"ancestorTitles":["","StreamEngine SMC Transformation - Tier 1: Feature Coverage (55 tests)"],"fullName":" StreamEngine SMC Transformation - Tier 1: Feature Coverage (55 tests) Tier 1 - F2 (V1 SMC) 4: Buy-side liquidity sweep signal detection","status":"passed","title":"Tier 1 - F2 (V1 SMC) 4: Buy-side liquidity sweep signal detection","duration":0,"failureMessages":[]},{"ancestorTitles":["","StreamEngine SMC Transformation - Tier 1: Feature Coverage (55 tests)"],"fullName":" StreamEngine SMC Transformation - Tier 1: Feature Coverage (55 tests) Tier 1 - F2 (V1 SMC) 5: Neutral/flat market reconstruction","status":"passed","title":"Tier 1 - F2 (V1 SMC) 5: Neutral/flat market reconstruction","duration":0,"failureMessages":[]},{"ancestorTitles":["","StreamEngine SMC Transformation - Tier 1: Feature Coverage (55 tests)"],"fullName":" StreamEngine SMC Transformation - Tier 1: Feature Coverage (55 tests) Tier 1 - F3 (V2 SNR) 1: Support bounce signal detection","status":"passed","title":"Tier 1 - F3 (V2 SNR) 1: Support bounce signal detection","duration":1,"failureMessages":[]},{"ancestorTitles":["","StreamEngine SMC Transformation - Tier 1: Feature Coverage (55 tests)"],"fullName":" StreamEngine SMC Transformation - Tier 1: Feature Coverage (55 tests) Tier 1 - F3 (V2 SNR) 2: Resistance rejection signal detection","status":"passed","title":"Tier 1 - F3 (V2 SNR) 2: Resistance rejection signal detection","duration":0,"failureMessages":[]},{"ancestorTitles":["","StreamEngine SMC Transformation - Tier 1: Feature Coverage (55 tests)"],"fullName":" StreamEngine SMC Transformation - Tier 1: Feature Coverage (55 tests) Tier 1 - F3 (V2 SNR) 3: Resistance breakout signal detection","status":"passed","title":"Tier 1 - F3 (V2 SNR) 3: Resistance breakout signal detection","duration":0,"failureMessages":[]},{"ancestorTitles":["","StreamEngine SMC Transformation - Tier 1: Feature Coverage (55 tests)"],"fullName":" StreamEngine SMC Transformation - Tier 1: Feature Coverage (55 tests) Tier 1 - F3 (V2 SNR) 4: Support breakdown signal detection","status":"passed","title":"Tier 1 - F3 (V2 SNR) 4: Support breakdown signal detection","duration":1,"failureMessages":[]},{"ancestorTitles":["","StreamEngine SMC Transformation - Tier 1: Feature Coverage (55 tests)"],"fullName":" StreamEngine SMC Transformation - Tier 1: Feature Coverage (55 tests) Tier 1 - F3 (V2 SNR) 5: Trending to supply/demand neutral zones","status":"passed","title":"Tier 1 - F3 (V2 SNR) 5: Trending to supply/demand neutral zones","duration":0,"failureMessages":[]},{"ancestorTitles":["","StreamEngine SMC Transformation - Tier 1: Feature Coverage (55 tests)"],"fullName":" StreamEngine SMC Transformation - Tier 1: Feature Coverage (55 tests) Tier 1 - F4 (V3 RSI) 1: Oversold with bullish momentum signal","status":"passed","title":"Tier 1 - F4 (V3 RSI) 1: Oversold with bullish momentum signal","duration":0,"failureMessages":[]},{"ancestorTitles":["","StreamEngine SMC Transformation - Tier 1: Feature Coverage (55 tests)"],"fullName":" StreamEngine SMC Transformation - Tier 1: Feature Coverage (55 tests) Tier 1 - F4 (V3 RSI) 2: Overbought with bearish momentum signal","status":"passed","title":"Tier 1 - F4 (V3 RSI) 2: Overbought with bearish momentum signal","duration":0,"failureMessages":[]},{"ancestorTitles":["","StreamEngine SMC Transformation - Tier 1: Feature Coverage (55 tests)"],"fullName":" StreamEngine SMC Transformation - Tier 1: Feature Coverage (55 tests) Tier 1 - F4 (V3 RSI) 3: Strong bullish momentum breakout signal","status":"passed","title":"Tier 1 - F4 (V3 RSI) 3: Strong bullish momentum breakout signal","duration":1,"failureMessages":[]},{"ancestorTitles":["","StreamEngine SMC Transformation - Tier 1: Feature Coverage (55 tests)"],"fullName":" StreamEngine SMC Transformation - Tier 1: Feature Coverage (55 tests) Tier 1 - F4 (V3 RSI) 4: Strong bearish momentum breakout signal","status":"passed","title":"Tier 1 - F4 (V3 RSI) 4: Strong bearish momentum breakout signal","duration":0,"failureMessages":[]},{"ancestorTitles":["","StreamEngine SMC Transformation - Tier 1: Feature Coverage (55 tests)"],"fullName":" StreamEngine SMC Transformation - Tier 1: Feature Coverage (55 tests) Tier 1 - F4 (V3 RSI) 5: Neutral momentum and RSI","status":"passed","title":"Tier 1 - F4 (V3 RSI) 5: Neutral momentum and RSI","duration":0,"failureMessages":[]},{"ancestorTitles":["","StreamEngine SMC Transformation - Tier 1: Feature Coverage (55 tests)"],"fullName":" StreamEngine SMC Transformation - Tier 1: Feature Coverage (55 tests) Tier 1 - F5 (SCD) 1: Consensus destruction when signals match","status":"passed","title":"Tier 1 - F5 (SCD) 1: Consensus destruction when signals match","duration":1,"failureMessages":[]},{"ancestorTitles":["","StreamEngine SMC Transformation - Tier 1: Feature Coverage (55 tests)"],"fullName":" StreamEngine SMC Transformation - Tier 1: Feature Coverage (55 tests) Tier 1 - F5 (SCD) 2: No consensus destruction when signals diverge","status":"passed","title":"Tier 1 - F5 (SCD) 2: No consensus destruction when signals diverge","duration":0,"failureMessages":[]},{"ancestorTitles":["","StreamEngine SMC Transformation - Tier 1: Feature Coverage (55 tests)"],"fullName":" StreamEngine SMC Transformation - Tier 1: Feature Coverage (55 tests) Tier 1 - F5 (SCD) 3: Correct calculation of directional tension","status":"passed","title":"Tier 1 - F5 (SCD) 3: Correct calculation of directional tension","duration":0,"failureMessages":[]},{"ancestorTitles":["","StreamEngine SMC Transformation - Tier 1: Feature Coverage (55 tests)"],"fullName":" StreamEngine SMC Transformation - Tier 1: Feature Coverage (55 tests) Tier 1 - F5 (SCD) 4: High divergence is preserved as positive DVF","status":"passed","title":"Tier 1 - F5 (SCD) 4: High divergence is preserved as positive DVF","duration":1,"failureMessages":[]},{"ancestorTitles":["","StreamEngine SMC Transformation - Tier 1: Feature Coverage (55 tests)"],"fullName":" StreamEngine SMC Transformation - Tier 1: Feature Coverage (55 tests) Tier 1 - F5 (SCD) 5: High tension (> 1.0) required to trigger consensus destruction","status":"passed","title":"Tier 1 - F5 (SCD) 5: High tension (> 1.0) required to trigger consensus destruction","duration":0,"failureMessages":[]},{"ancestorTitles":["","StreamEngine SMC Transformation - Tier 1: Feature Coverage (55 tests)"],"fullName":" StreamEngine SMC Transformation - Tier 1: Feature Coverage (55 tests) Tier 1 - F6 (ETT) 1: Authorizes execution when TRG >= threshold","status":"passed","title":"Tier 1 - F6 (ETT) 1: Authorizes execution when TRG >= threshold","duration":0,"failureMessages":[]},{"ancestorTitles":["","StreamEngine SMC Transformation - Tier 1: Feature Coverage (55 tests)"],"fullName":" StreamEngine SMC Transformation - Tier 1: Feature Coverage (55 tests) Tier 1 - F6 (ETT) 2: Blocks execution when TRG < threshold","status":"passed","title":"Tier 1 - F6 (ETT) 2: Blocks execution when TRG < threshold","duration":0,"failureMessages":[]},{"ancestorTitles":["","StreamEngine SMC Transformation - Tier 1: Feature Coverage (55 tests)"],"fullName":" StreamEngine SMC Transformation - Tier 1: Feature Coverage (55 tests) Tier 1 - F6 (ETT) 3: Vetoes execution under consensus destruction","status":"failed","title":"Tier 1 - F6 (ETT) 3: Vetoes execution under consensus destruction","duration":9,"failureMessages":["expected 'VETO_INSUFFICIENT_IMBALANCE' to be 'BLOCKED_BY_FALSE_CONSENSUS' // Object.is equality"],"location":{"line":429,"column":33}},{"ancestorTitles":["","StreamEngine SMC Transformation - Tier 1: Feature Coverage (55 tests)"],"fullName":" StreamEngine SMC Transformation - Tier 1: Feature Coverage (55 tests) Tier 1 - F6 (ETT) 4: Correct reason code assignment for geometry flat","status":"passed","title":"Tier 1 - F6 (ETT) 4: Correct reason code assignment for geometry flat","duration":1,"failureMessages":[]},{"ancestorTitles":["","StreamEngine SMC Transformation - Tier 1: Feature Coverage (55 tests)"],"fullName":" StreamEngine SMC Transformation - Tier 1: Feature Coverage (55 tests) Tier 1 - F6 (ETT) 5: Correct reason code for false consensus block","status":"failed","title":"Tier 1 - F6 (ETT) 5: Correct reason code for false consensus block","duration":3,"failureMessages":["expected [ 'VETO_SHORT_SELLING_DISABLED' ] to include 'BLOCKED_BY_FALSE_CONSENSUS'"],"location":{"line":451,"column":30}},{"ancestorTitles":["","StreamEngine SMC Transformation - Tier 1: Feature Coverage (55 tests)"],"fullName":" StreamEngine SMC Transformation - Tier 1: Feature Coverage (55 tests) Tier 1 - F7 (LHDS) 1: Reality divergence veto when LHDS exceeds limit","status":"passed","title":"Tier 1 - F7 (LHDS) 1: Reality divergence veto when LHDS exceeds limit","duration":0,"failureMessages":[]},{"ancestorTitles":["","StreamEngine SMC Transformation - Tier 1: Feature Coverage (55 tests)"],"fullName":" StreamEngine SMC Transformation - Tier 1: Feature Coverage (55 tests) Tier 1 - F7 (LHDS) 2: Normal observed state when LHDS is low and SDS < 0.3","status":"passed","title":"Tier 1 - F7 (LHDS) 2: Normal observed state when LHDS is low and SDS < 0.3","duration":0,"failureMessages":[]},{"ancestorTitles":["","StreamEngine SMC Transformation - Tier 1: Feature Coverage (55 tests)"],"fullName":" StreamEngine SMC Transformation - Tier 1: Feature Coverage (55 tests) Tier 1 - F7 (LHDS) 3: Epistemic authority INFERRED when SDS is intermediate","status":"passed","title":"Tier 1 - F7 (LHDS) 3: Epistemic authority INFERRED when SDS is intermediate","duration":0,"failureMessages":[]},{"ancestorTitles":["","StreamEngine SMC Transformation - Tier 1: Feature Coverage (55 tests)"],"fullName":" StreamEngine SMC Transformation - Tier 1: Feature Coverage (55 tests) Tier 1 - F7 (LHDS) 4: Veto reality divergence overrides normal EEF triggers","status":"passed","title":"Tier 1 - F7 (LHDS) 4: Veto reality divergence overrides normal EEF triggers","duration":1,"failureMessages":[]},{"ancestorTitles":["","StreamEngine SMC Transformation - Tier 1: Feature Coverage (55 tests)"],"fullName":" StreamEngine SMC Transformation - Tier 1: Feature Coverage (55 tests) Tier 1 - F7 (LHDS) 5: Veto reason code is correctly set to VETO_REALITY_DIVERGENCE","status":"passed","title":"Tier 1 - F7 (LHDS) 5: Veto reason code is correctly set to VETO_REALITY_DIVERGENCE","duration":0,"failureMessages":[]},{"ancestorTitles":["","StreamEngine SMC Transformation - Tier 1: Feature Coverage (55 tests)"],"fullName":" StreamEngine SMC Transformation - Tier 1: Feature Coverage (55 tests) Tier 1 - F8 (Collapse) 1: Veto ontological collapse when SDS > 0.7 and TRG >= limit","status":"passed","title":"Tier 1 - F8 (Collapse) 1: Veto ontological collapse when SDS > 0.7 and TRG >= limit","duration":1,"failureMessages":[]},{"ancestorTitles":["","StreamEngine SMC Transformation - Tier 1: Feature Coverage (55 tests)"],"fullName":" StreamEngine SMC Transformation - Tier 1: Feature Coverage (55 tests) Tier 1 - F8 (Collapse) 2: No veto when SDS > 0.7 but TRG < limit","status":"passed","title":"Tier 1 - F8 (Collapse) 2: No veto when SDS > 0.7 but TRG < limit","duration":0,"failureMessages":[]},{"ancestorTitles":["","StreamEngine SMC Transformation - Tier 1: Feature Coverage (55 tests)"],"fullName":" StreamEngine SMC Transformation - Tier 1: Feature Coverage (55 tests) Tier 1 - F8 (Collapse) 3: Epistemic authority set to VETO during collapse","status":"passed","title":"Tier 1 - F8 (Collapse) 3: Epistemic authority set to VETO during collapse","duration":0,"failureMessages":[]},{"ancestorTitles":["","StreamEngine SMC Transformation - Tier 1: Feature Coverage (55 tests)"],"fullName":" StreamEngine SMC Transformation - Tier 1: Feature Coverage (55 tests) Tier 1 - F8 (Collapse) 4: Veto reason code is VETO_ONTOLOGICAL_COLLAPSE","status":"passed","title":"Tier 1 - F8 (Collapse) 4: Veto reason code is VETO_ONTOLOGICAL_COLLAPSE","duration":1,"failureMessages":[]},{"ancestorTitles":["","StreamEngine SMC Transformation - Tier 1: Feature Coverage (55 tests)"],"fullName":" StreamEngine SMC Transformation - Tier 1: Feature Coverage (55 tests) Tier 1 - F8 (Collapse) 5: Authority set to INFERRED when SDS > 0.7 but TRG is low","status":"failed","title":"Tier 1 - F8 (Collapse) 5: Authority set to INFERRED when SDS > 0.7 but TRG is low","duration":0,"failureMessages":["expected 'VETO' to be 'INFERRED' // Object.is equality"],"location":{"line":550,"column":37}},{"ancestorTitles":["","StreamEngine SMC Transformation - Tier 1: Feature Coverage (55 tests)"],"fullName":" StreamEngine SMC Transformation - Tier 1: Feature Coverage (55 tests) Tier 1 - F9 (Axiom) 1: Court vetoes if rawState contains confidence","status":"passed","title":"Tier 1 - F9 (Axiom) 1: Court vetoes if rawState contains confidence","duration":1,"failureMessages":[]},{"ancestorTitles":["","StreamEngine SMC Transformation - Tier 1: Feature Coverage (55 tests)"],"fullName":" StreamEngine SMC Transformation - Tier 1: Feature Coverage (55 tests) Tier 1 - F9 (Axiom) 2: Court vetoes if requestPayload contains prediction","status":"passed","title":"Tier 1 - F9 (Axiom) 2: Court vetoes if requestPayload contains prediction","duration":1,"failureMessages":[]},{"ancestorTitles":["","StreamEngine SMC Transformation - Tier 1: Feature Coverage (55 tests)"],"fullName":" StreamEngine SMC Transformation - Tier 1: Feature Coverage (55 tests) Tier 1 - F9 (Axiom) 3: Valid permission request passes axiom check","status":"passed","title":"Tier 1 - F9 (Axiom) 3: Valid permission request passes axiom check","duration":1,"failureMessages":[]},{"ancestorTitles":["","StreamEngine SMC Transformation - Tier 1: Feature Coverage (55 tests)"],"fullName":" StreamEngine SMC Transformation - Tier 1: Feature Coverage (55 tests) Tier 1 - F9 (Axiom) 4: Veto reason code is VETO_CONFIDENCE_ARROGANCE","status":"passed","title":"Tier 1 - F9 (Axiom) 4: Veto reason code is VETO_CONFIDENCE_ARROGANCE","duration":0,"failureMessages":[]},{"ancestorTitles":["","StreamEngine SMC Transformation - Tier 1: Feature Coverage (55 tests)"],"fullName":" StreamEngine SMC Transformation - Tier 1: Feature Coverage (55 tests) Tier 1 - F9 (Axiom) 5: Permission check logs record to ledger","status":"passed","title":"Tier 1 - F9 (Axiom) 5: Permission check logs record to ledger","duration":0,"failureMessages":[]},{"ancestorTitles":["","StreamEngine SMC Transformation - Tier 1: Feature Coverage (55 tests)"],"fullName":" StreamEngine SMC Transformation - Tier 1: Feature Coverage (55 tests) Tier 1 - F10 (C-CLIST) 1: Stress level increases when DVF < dvfFloor","status":"passed","title":"Tier 1 - F10 (C-CLIST) 1: Stress level increases when DVF < dvfFloor","duration":0,"failureMessages":[]},{"ancestorTitles":["","StreamEngine SMC Transformation - Tier 1: Feature Coverage (55 tests)"],"fullName":" StreamEngine SMC Transformation - Tier 1: Feature Coverage (55 tests) Tier 1 - F10 (C-CLIST) 2: Stress level decreases when DVF >= dvfFloor","status":"passed","title":"Tier 1 - F10 (C-CLIST) 2: Stress level decreases when DVF >= dvfFloor","duration":1,"failureMessages":[]},{"ancestorTitles":["","StreamEngine SMC Transformation - Tier 1: Feature Coverage (55 tests)"],"fullName":" StreamEngine SMC Transformation - Tier 1: Feature Coverage (55 tests) Tier 1 - F10 (C-CLIST) 3: Lethal illusion veto triggered when stress reaches limit","status":"passed","title":"Tier 1 - F10 (C-CLIST) 3: Lethal illusion veto triggered when stress reaches limit","duration":0,"failureMessages":[]},{"ancestorTitles":["","StreamEngine SMC Transformation - Tier 1: Feature Coverage (55 tests)"],"fullName":" StreamEngine SMC Transformation - Tier 1: Feature Coverage (55 tests) Tier 1 - F10 (C-CLIST) 4: Instant maximal stress on TRG explosion (> 2.0)","status":"passed","title":"Tier 1 - F10 (C-CLIST) 4: Instant maximal stress on TRG explosion (> 2.0)","duration":0,"failureMessages":[]},{"ancestorTitles":["","StreamEngine SMC Transformation - Tier 1: Feature Coverage (55 tests)"],"fullName":" StreamEngine SMC Transformation - Tier 1: Feature Coverage (55 tests) Tier 1 - F10 (C-CLIST) 5: Stress release bounded to 0.0 floor","status":"passed","title":"Tier 1 - F10 (C-CLIST) 5: Stress release bounded to 0.0 floor","duration":0,"failureMessages":[]},{"ancestorTitles":["","StreamEngine SMC Transformation - Tier 1: Feature Coverage (55 tests)"],"fullName":" StreamEngine SMC Transformation - Tier 1: Feature Coverage (55 tests) Tier 1 - F11 (MOL) 1: Kernel veto moves MOL to VETO state","status":"passed","title":"Tier 1 - F11 (MOL) 1: Kernel veto moves MOL to VETO state","duration":0,"failureMessages":[]},{"ancestorTitles":["","StreamEngine SMC Transformation - Tier 1: Feature Coverage (55 tests)"],"fullName":" StreamEngine SMC Transformation - Tier 1: Feature Coverage (55 tests) Tier 1 - F11 (MOL) 2: Shift to RECOVERY state when kernel recovering","status":"passed","title":"Tier 1 - F11 (MOL) 2: Shift to RECOVERY state when kernel recovering","duration":0,"failureMessages":[]},{"ancestorTitles":["","StreamEngine SMC Transformation - Tier 1: Feature Coverage (55 tests)"],"fullName":" StreamEngine SMC Transformation - Tier 1: Feature Coverage (55 tests) Tier 1 - F11 (MOL) 3: SCL increments when SDS <= 0.7 in recovery","status":"passed","title":"Tier 1 - F11 (MOL) 3: SCL increments when SDS <= 0.7 in recovery","duration":0,"failureMessages":[]},{"ancestorTitles":["","StreamEngine SMC Transformation - Tier 1: Feature Coverage (55 tests)"],"fullName":" StreamEngine SMC Transformation - Tier 1: Feature Coverage (55 tests) Tier 1 - F11 (MOL) 4: Resetting SCL to 0 when SDS > 0.7 in recovery","status":"passed","title":"Tier 1 - F11 (MOL) 4: Resetting SCL to 0 when SDS > 0.7 in recovery","duration":1,"failureMessages":[]},{"ancestorTitles":["","StreamEngine SMC Transformation - Tier 1: Feature Coverage (55 tests)"],"fullName":" StreamEngine SMC Transformation - Tier 1: Feature Coverage (55 tests) Tier 1 - F11 (MOL) 5: Awakening and shifting to EXECUTE after threshold met","status":"passed","title":"Tier 1 - F11 (MOL) 5: Awakening and shifting to EXECUTE after threshold met","duration":0,"failureMessages":[]},{"ancestorTitles":["","StreamEngine SMC Transformation - Tier 2: Boundary Value Analysis (55 tests)"],"fullName":" StreamEngine SMC Transformation - Tier 2: Boundary Value Analysis (55 tests) Tier 2 - F1 (MTF) BVA 1: Empty lists handled safely","status":"passed","title":"Tier 2 - F1 (MTF) BVA 1: Empty lists handled safely","duration":0,"failureMessages":[]},{"ancestorTitles":["","StreamEngine SMC Transformation - Tier 2: Boundary Value Analysis (55 tests)"],"fullName":" StreamEngine SMC Transformation - Tier 2: Boundary Value Analysis (55 tests) Tier 2 - F1 (MTF) BVA 2: Shift limit checks","status":"passed","title":"Tier 2 - F1 (MTF) BVA 2: Shift limit checks","duration":0,"failureMessages":[]},{"ancestorTitles":["","StreamEngine SMC Transformation - Tier 2: Boundary Value Analysis (55 tests)"],"fullName":" StreamEngine SMC Transformation - Tier 2: Boundary Value Analysis (55 tests) Tier 2 - F1 (MTF) BVA 3: Future timestamp ingestion","status":"passed","title":"Tier 2 - F1 (MTF) BVA 3: Future timestamp ingestion","duration":1,"failureMessages":[]},{"ancestorTitles":["","StreamEngine SMC Transformation - Tier 2: Boundary Value Analysis (55 tests)"],"fullName":" StreamEngine SMC Transformation - Tier 2: Boundary Value Analysis (55 tests) Tier 2 - F1 (MTF) BVA 4: ScaleNormalizer handles single candle lists","status":"passed","title":"Tier 2 - F1 (MTF) BVA 4: ScaleNormalizer handles single candle lists","duration":0,"failureMessages":[]},{"ancestorTitles":["","StreamEngine SMC Transformation - Tier 2: Boundary Value Analysis (55 tests)"],"fullName":" StreamEngine SMC Transformation - Tier 2: Boundary Value Analysis (55 tests) Tier 2 - F1 (MTF) BVA 5: Bucket updates on matching timestamps","status":"passed","title":"Tier 2 - F1 (MTF) BVA 5: Bucket updates on matching timestamps","duration":0,"failureMessages":[]},{"ancestorTitles":["","StreamEngine SMC Transformation - Tier 2: Boundary Value Analysis (55 tests)"],"fullName":" StreamEngine SMC Transformation - Tier 2: Boundary Value Analysis (55 tests) Tier 2 - F2 (V1 SMC) BVA 1: Less than 5 candles returns insufficient data","status":"passed","title":"Tier 2 - F2 (V1 SMC) BVA 1: Less than 5 candles returns insufficient data","duration":0,"failureMessages":[]},{"ancestorTitles":["","StreamEngine SMC Transformation - Tier 2: Boundary Value Analysis (55 tests)"],"fullName":" StreamEngine SMC Transformation - Tier 2: Boundary Value Analysis (55 tests) Tier 2 - F2 (V1 SMC) BVA 2: Conflicting FVG and Sweep signals drops confidence","status":"passed","title":"Tier 2 - F2 (V1 SMC) BVA 2: Conflicting FVG and Sweep signals drops confidence","duration":0,"failureMessages":[]},{"ancestorTitles":["","StreamEngine SMC Transformation - Tier 2: Boundary Value Analysis (55 tests)"],"fullName":" StreamEngine SMC Transformation - Tier 2: Boundary Value Analysis (55 tests) Tier 2 - F2 (V1 SMC) BVA 3: Normalization of confidence to max 100","status":"passed","title":"Tier 2 - F2 (V1 SMC) BVA 3: Normalization of confidence to max 100","duration":1,"failureMessages":[]},{"ancestorTitles":["","StreamEngine SMC Transformation - Tier 2: Boundary Value Analysis (55 tests)"],"fullName":" StreamEngine SMC Transformation - Tier 2: Boundary Value Analysis (55 tests) Tier 2 - F2 (V1 SMC) BVA 4: Extreme price spikes","status":"passed","title":"Tier 2 - F2 (V1 SMC) BVA 4: Extreme price spikes","duration":0,"failureMessages":[]},{"ancestorTitles":["","StreamEngine SMC Transformation - Tier 2: Boundary Value Analysis (55 tests)"],"fullName":" StreamEngine SMC Transformation - Tier 2: Boundary Value Analysis (55 tests) Tier 2 - F2 (V1 SMC) BVA 5: Zero volume candles","status":"passed","title":"Tier 2 - F2 (V1 SMC) BVA 5: Zero volume candles","duration":0,"failureMessages":[]},{"ancestorTitles":["","StreamEngine SMC Transformation - Tier 2: Boundary Value Analysis (55 tests)"],"fullName":" StreamEngine SMC Transformation - Tier 2: Boundary Value Analysis (55 tests) Tier 2 - F3 (V2 SNR) BVA 1: Less than 10 candles returns insufficient data","status":"passed","title":"Tier 2 - F3 (V2 SNR) BVA 1: Less than 10 candles returns insufficient data","duration":0,"failureMessages":[]},{"ancestorTitles":["","StreamEngine SMC Transformation - Tier 2: Boundary Value Analysis (55 tests)"],"fullName":" StreamEngine SMC Transformation - Tier 2: Boundary Value Analysis (55 tests) Tier 2 - F3 (V2 SNR) BVA 2: Support equal to resistance boundary","status":"passed","title":"Tier 2 - F3 (V2 SNR) BVA 2: Support equal to resistance boundary","duration":0,"failureMessages":[]},{"ancestorTitles":["","StreamEngine SMC Transformation - Tier 2: Boundary Value Analysis (55 tests)"],"fullName":" StreamEngine SMC Transformation - Tier 2: Boundary Value Analysis (55 tests) Tier 2 - F3 (V2 SNR) BVA 3: Breakout threshold boundary check","status":"passed","title":"Tier 2 - F3 (V2 SNR) BVA 3: Breakout threshold boundary check","duration":1,"failureMessages":[]},{"ancestorTitles":["","StreamEngine SMC Transformation - Tier 2: Boundary Value Analysis (55 tests)"],"fullName":" StreamEngine SMC Transformation - Tier 2: Boundary Value Analysis (55 tests) Tier 2 - F3 (V2 SNR) BVA 4: Extreme price gap","status":"passed","title":"Tier 2 - F3 (V2 SNR) BVA 4: Extreme price gap","duration":0,"failureMessages":[]},{"ancestorTitles":["","StreamEngine SMC Transformation - Tier 2: Boundary Value Analysis (55 tests)"],"fullName":" StreamEngine SMC Transformation - Tier 2: Boundary Value Analysis (55 tests) Tier 2 - F3 (V2 SNR) BVA 5: Flat price breakouts check","status":"passed","title":"Tier 2 - F3 (V2 SNR) BVA 5: Flat price breakouts check","duration":0,"failureMessages":[]},{"ancestorTitles":["","StreamEngine SMC Transformation - Tier 2: Boundary Value Analysis (55 tests)"],"fullName":" StreamEngine SMC Transformation - Tier 2: Boundary Value Analysis (55 tests) Tier 2 - F4 (V3 RSI) BVA 1: Less than 20 candles returns insufficient data","status":"passed","title":"Tier 2 - F4 (V3 RSI) BVA 1: Less than 20 candles returns insufficient data","duration":0,"failureMessages":[]},{"ancestorTitles":["","StreamEngine SMC Transformation - Tier 2: Boundary Value Analysis (55 tests)"],"fullName":" StreamEngine SMC Transformation - Tier 2: Boundary Value Analysis (55 tests) Tier 2 - F4 (V3 RSI) BVA 2: RSI at absolute boundary 0","status":"passed","title":"Tier 2 - F4 (V3 RSI) BVA 2: RSI at absolute boundary 0","duration":0,"failureMessages":[]},{"ancestorTitles":["","StreamEngine SMC Transformation - Tier 2: Boundary Value Analysis (55 tests)"],"fullName":" StreamEngine SMC Transformation - Tier 2: Boundary Value Analysis (55 tests) Tier 2 - F4 (V3 RSI) BVA 3: RSI at absolute boundary 100","status":"passed","title":"Tier 2 - F4 (V3 RSI) BVA 3: RSI at absolute boundary 100","duration":1,"failureMessages":[]},{"ancestorTitles":["","StreamEngine SMC Transformation - Tier 2: Boundary Value Analysis (55 tests)"],"fullName":" StreamEngine SMC Transformation - Tier 2: Boundary Value Analysis (55 tests) Tier 2 - F4 (V3 RSI) BVA 4: Momentum ROC exactly at 0.05 threshold","status":"passed","title":"Tier 2 - F4 (V3 RSI) BVA 4: Momentum ROC exactly at 0.05 threshold","duration":0,"failureMessages":[]},{"ancestorTitles":["","StreamEngine SMC Transformation - Tier 2: Boundary Value Analysis (55 tests)"],"fullName":" StreamEngine SMC Transformation - Tier 2: Boundary Value Analysis (55 tests) Tier 2 - F4 (V3 RSI) BVA 5: Momentum ROC exactly at -0.05 threshold","status":"passed","title":"Tier 2 - F4 (V3 RSI) BVA 5: Momentum ROC exactly at -0.05 threshold","duration":0,"failureMessages":[]},{"ancestorTitles":["","StreamEngine SMC Transformation - Tier 2: Boundary Value Analysis (55 tests)"],"fullName":" StreamEngine SMC Transformation - Tier 2: Boundary Value Analysis (55 tests) Tier 2 - F5 (SCD) BVA 1: consensusLimit = 0 disables residualization","status":"passed","title":"Tier 2 - F5 (SCD) BVA 1: consensusLimit = 0 disables residualization","duration":0,"failureMessages":[]},{"ancestorTitles":["","StreamEngine SMC Transformation - Tier 2: Boundary Value Analysis (55 tests)"],"fullName":" StreamEngine SMC Transformation - Tier 2: Boundary Value Analysis (55 tests) Tier 2 - F5 (SCD) BVA 2: Extremely large consensusLimit","status":"passed","title":"Tier 2 - F5 (SCD) BVA 2: Extremely large consensusLimit","duration":1,"failureMessages":[]},{"ancestorTitles":["","StreamEngine SMC Tr
[...]
pute specialized cognitive metrics","failureMessages":[]},{"ancestorTitles":["","LACW Phase 4 — Cognitive Runtime & Realtime Infrastructure Suite"],"fullName":" LACW Phase 4 — Cognitive Runtime & Realtime Infrastructure Suite 10. SimulationDigitalTwinEngine should evaluate pre-execution scenarios","status":"skipped","title":"10. SimulationDigitalTwinEngine should evaluate pre-execution scenarios","failureMessages":[]},{"ancestorTitles":["","LACW Phase 4 — Cognitive Runtime & Realtime Infrastructure Suite"],"fullName":" LACW Phase 4 — Cognitive Runtime & Realtime Infrastructure Suite 11. TC39 Symbol.dispose compliance across all runtime engines","status":"skipped","title":"11. TC39 Symbol.dispose compliance across all runtime engines","failureMessages":[]}],"startTime":1787350143389,"endTime":1787350143389,"status":"passed","message":"","name":"C:/Users/WDAGUtilityAccount/Downloads/Nova pasta/Lyzer-Edge/lyzer edge/tests/unit/commandCenter/sdk/lacwRuntimeSuite.test.js"},{"assertionResults":[{"ancestorTitles":["","Lyzer Adaptive Cognitive Workspace (LACW) Engine Suite"],"fullName":" Lyzer Adaptive Cognitive Workspace (LACW) Engine Suite 1. LACWEventBus should publish and subscribe to topics with priority and history","status":"skipped","title":"1. LACWEventBus should publish and subscribe to topics with priority and history","failureMessages":[]},{"ancestorTitles":["","Lyzer Adaptive Cognitive Workspace (LACW) Engine Suite"],"fullName":" Lyzer Adaptive Cognitive Workspace (LACW) Engine Suite 2. LACWLayoutEngine should switch presets and save/restore snapshots","status":"skipped","title":"2. LACWLayoutEngine should switch presets and save/restore snapshots","failureMessages":[]},{"ancestorTitles":["","Lyzer Adaptive Cognitive Workspace (LACW) Engine Suite"],"fullName":" Lyzer Adaptive Cognitive Workspace (LACW) Engine Suite 3. LACWWidgetRegistry should verify capabilities and manage plugin lifecycle","status":"skipped","title":"3. LACWWidgetRegistry should verify capabilities and manage plugin lifecycle","failureMessages":[]},{"ancestorTitles":["","Lyzer Adaptive Cognitive Workspace (LACW) Engine Suite"],"fullName":" Lyzer Adaptive Cognitive Workspace (LACW) Engine Suite 4. LACWCommandPalette should fuzzy search and execute commands","status":"skipped","title":"4. LACWCommandPalette should fuzzy search and execute commands","failureMessages":[]},{"ancestorTitles":["","Lyzer Adaptive Cognitive Workspace (LACW) Engine Suite"],"fullName":" Lyzer Adaptive Cognitive Workspace (LACW) Engine Suite 5. LACWVisualizationEngine should generate contract specs for Knowledge Graph","status":"skipped","title":"5. LACWVisualizationEngine should generate contract specs for Knowledge Graph","failureMessages":[]},{"ancestorTitles":["","Lyzer Adaptive Cognitive Workspace (LACW) Engine Suite"],"fullName":" Lyzer Adaptive Cognitive Workspace (LACW) Engine Suite 6. LACWExplainabilityEngine should generate full decision explainability lineage","status":"skipped","title":"6. LACWExplainabilityEngine should generate full decision explainability lineage","failureMessages":[]},{"ancestorTitles":["","Lyzer Adaptive Cognitive Workspace (LACW) Engine Suite"],"fullName":" Lyzer Adaptive Cognitive Workspace (LACW) Engine Suite 7. TC39 Symbol.dispose compliance across all LACW engines","status":"skipped","title":"7. TC39 Symbol.dispose compliance across all LACW engines","failureMessages":[]}],"startTime":1787350143389,"endTime":1787350143389,"status":"passed","message":"","name":"C:/Users/WDAGUtilityAccount/Downloads/Nova pasta/Lyzer-Edge/lyzer edge/tests/unit/commandCenter/sdk/lacwSuite.test.js"},{"assertionResults":[{"ancestorTitles":["","Phase 12 — Distributed Observability, Historical Trends & Reproducibility Suite"],"fullName":" Phase 12 — Distributed Observability, Historical Trends & Reproducibility Suite 1. DistributedTracingEngine should create traces with spans and compute durations","status":"passed","title":"1. DistributedTracingEngine should create traces with spans and compute durations","duration":0,"failureMessages":[]},{"ancestorTitles":["","Phase 12 — Distributed Observability, Historical Trends & Reproducibility Suite"],"fullName":" Phase 12 — Distributed Observability, Historical Trends & Reproducibility Suite 2. DistributedTracingEngine should compute per-pipeline-stage aggregate metrics","status":"passed","title":"2. DistributedTracingEngine should compute per-pipeline-stage aggregate metrics","duration":1,"failureMessages":[]},{"ancestorTitles":["","Phase 12 — Distributed Observability, Historical Trends & Reproducibility Suite"],"fullName":" Phase 12 — Distributed Observability, Historical Trends & Reproducibility Suite 3. HistoricalTrendEngine should record snapshots and compute deltas between commits","status":"passed","title":"3. HistoricalTrendEngine should record snapshots and compute deltas between commits","duration":0,"failureMessages":[]},{"ancestorTitles":["","Phase 12 — Distributed Observability, Historical Trends & Reproducibility Suite"],"fullName":" Phase 12 — Distributed Observability, Historical Trends & Reproducibility Suite 4. HistoricalTrendEngine should detect regressions when thresholds are breached","status":"passed","title":"4. HistoricalTrendEngine should detect regressions when thresholds are breached","duration":0,"failureMessages":[]},{"ancestorTitles":["","Phase 12 — Distributed Observability, Historical Trends & Reproducibility Suite"],"fullName":" Phase 12 — Distributed Observability, Historical Trends & Reproducibility Suite 5. HistoricalTrendEngine should return sparkline-ready time-series","status":"passed","title":"5. HistoricalTrendEngine should return sparkline-ready time-series","duration":1,"failureMessages":[]},{"ancestorTitles":["","Phase 12 — Distributed Observability, Historical Trends & Reproducibility Suite"],"fullName":" Phase 12 — Distributed Observability, Historical Trends & Reproducibility Suite 6. BenchmarkReproducibilityEngine should capture full environment fingerprint","status":"passed","title":"6. BenchmarkReproducibilityEngine should capture full environment fingerprint","duration":0,"failureMessages":[]},{"ancestorTitles":["","Phase 12 — Distributed Observability, Historical Trends & Reproducibility Suite"],"fullName":" Phase 12 — Distributed Observability, Historical Trends & Reproducibility Suite 7. BenchmarkReproducibilityEngine should compare runs and detect environment differences","status":"passed","title":"7. BenchmarkReproducibilityEngine should compare runs and detect environment differences","duration":0,"failureMessages":[]},{"ancestorTitles":["","Phase 12 — Distributed Observability, Historical Trends & Reproducibility Suite"],"fullName":" Phase 12 — Distributed Observability, Historical Trends & Reproducibility Suite 8. BenchmarkReproducibilityEngine should export reproducibility manifest","status":"passed","title":"8. BenchmarkReproducibilityEngine should export reproducibility manifest","duration":1,"failureMessages":[]},{"ancestorTitles":["","Phase 12 — Distributed Observability, Historical Trends & Reproducibility Suite"],"fullName":" Phase 12 — Distributed Observability, Historical Trends & Reproducibility Suite 9. TC39 Symbol.dispose compliance across all three engines","status":"passed","title":"9. TC39 Symbol.dispose compliance across all three engines","duration":0,"failureMessages":[]},{"ancestorTitles":["","Phase 12 — Distributed Observability, Historical Trends & Reproducibility Suite"],"fullName":" Phase 12 — Distributed Observability, Historical Trends & Reproducibility Suite 10. Zero-Trust: No trade signals (BUY/SELL) emitted from any engine","status":"passed","title":"10. Zero-Trust: No trade signals (BUY/SELL) emitted from any engine","duration":0,"failureMessages":[]}],"startTime":1787350147282,"endTime":1787350147285,"status":"passed","message":"","name":"C:/Users/WDAGUtilityAccount/Downloads/Nova pasta/Lyzer-Edge/lyzer edge/tests/unit/commandCenter/sdk/observabilityPlatformSuite.test.js"},{"assertionResults":[{"ancestorTitles":["","Phase 12 — Guardian Observability Platform Verification Suite"],"fullName":" Phase 12 — Guardian Observability Platform Verification Suite 1. Trace spans form correct parent-child hierarchy","status":"passed","title":"1. Trace spans form correct parent-child hierarchy","duration":1,"failureMessages":[]},{"ancestorTitles":["","Phase 12 — Guardian Observability Platform Verification Suite"],"fullName":" Phase 12 — Guardian Observability Platform Verification Suite 2. Historical ring buffer enforces max capacity","status":"passed","title":"2. Historical ring buffer enforces max capacity","duration":0,"failureMessages":[]},{"ancestorTitles":["","Phase 12 — Guardian Observability Platform Verification Suite"],"fullName":" Phase 12 — Guardian Observability Platform Verification Suite 3. Reproducibility manifest schema is complete and self-describing","status":"passed","title":"3. Reproducibility manifest schema is complete and self-describing","duration":0,"failureMessages":[]},{"ancestorTitles":["","Phase 12 — Guardian Observability Platform Verification Suite"],"fullName":" Phase 12 — Guardian Observability Platform Verification Suite 4. Trend engine rejects unknown metric names","status":"passed","title":"4. Trend engine rejects unknown metric names","duration":0,"failureMessages":[]},{"ancestorTitles":["","Phase 12 — Guardian Observability Platform Verification Suite"],"fullName":" Phase 12 — Guardian Observability Platform Verification Suite 5. Reproducibility engine rejects calls after disposal","status":"passed","title":"5. Reproducibility engine rejects calls after disposal","duration":1,"failureMessages":[]},{"ancestorTitles":["","Phase 12 — Guardian Observability Platform Verification Suite"],"fullName":" Phase 12 — Guardian Observability Platform Verification Suite 6. Run comparison correctly identifies config and dataset mismatches","status":"passed","title":"6. Run comparison correctly identifies config and dataset mismatches","duration":0,"failureMessages":[]}],"startTime":1787350148359,"endTime":1787350148361,"status":"passed","message":"","name":"C:/Users/WDAGUtilityAccount/Downloads/Nova pasta/Lyzer-Edge/lyzer edge/tests/unit/commandCenter/sdk/observabilityPlatformVerification.test.js"},{"assertionResults":[{"ancestorTitles":["","OpenMobius Cognitive Coprocessor Integration Suite"],"fullName":" OpenMobius Cognitive Coprocessor Integration Suite should process a single candle and return a non-directional EvidenceContract payload","status":"passed","title":"should process a single candle and return a non-directional EvidenceContract payload","duration":2,"failureMessages":[]},{"ancestorTitles":["","OpenMobius Cognitive Coprocessor Integration Suite"],"fullName":" OpenMobius Cognitive Coprocessor Integration Suite should process 10,000 continuous candles with ultra-high throughput (> 20,000 c/s)","status":"passed","title":"should process 10,000 continuous candles with ultra-high throughput (> 20,000 c/s)","duration":78,"failureMessages":[]},{"ancestorTitles":["","OpenMobius Cognitive Coprocessor Integration Suite"],"fullName":" OpenMobius Cognitive Coprocessor Integration Suite should enforce TC39 Disposable pattern and reject operations after disposal","status":"passed","title":"should enforce TC39 Disposable pattern and reject operations after disposal","duration":0,"failureMessages":[]}],"startTime":1787350149289,"endTime":1787350149369,"status":"passed","message":"","name":"C:/Users/WDAGUtilityAccount/Downloads/Nova pasta/Lyzer-Edge/lyzer edge/tests/unit/commandCenter/sdk/openmobiusCoprocessor.test.js"},{"assertionResults":[{"ancestorTitles":["","Quantitative Research Lab & Strategy Genome Platform Suite"],"fullName":" Quantitative Research Lab & Strategy Genome Platform Suite Pillar 1: ResearchLabEngine should execute ablation experiments and compute marginal Sharpe delta","status":"passed","title":"Pillar 1: ResearchLabEngine should execute ablation experiments and compute marginal Sharpe delta","duration":1,"failureMessages":[]},{"ancestorTitles":["","Quantitative Research Lab & Strategy Genome Platform Suite"],"fullName":" Quantitative Research Lab & Strategy Genome Platform Suite Pillar 2: ModelRegistryEngine should track versioned model metadata and deployment stage","status":"passed","title":"Pillar 2: ModelRegistryEngine should track versioned model metadata and deployment stage","duration":0,"failureMessages":[]},{"ancestorTitles":["","Quantitative Research Lab & Strategy Genome Platform Suite"],"fullName":" Quantitative Research Lab & Strategy Genome Platform Suite Pillar 3: ConceptDriftEngine should detect drift and trigger automated weight reduction fallback","status":"passed","title":"Pillar 3: ConceptDriftEngine should detect drift and trigger automated weight reduction fallback","duration":0,"failureMessages":[]},{"ancestorTitles":["","Quantitative Research Lab & Strategy Genome Platform Suite"],"fullName":" Quantitative Research Lab & Strategy Genome Platform Suite Pillar 4: EvidenceMarketplaceEngine should register third-party plugins with reputation scores","status":"passed","title":"Pillar 4: EvidenceMarketplaceEngine should register third-party plugins with reputation scores","duration":0,"failureMessages":[]},{"ancestorTitles":["","Quantitative Research Lab & Strategy Genome Platform Suite"],"fullName":" Quantitative Research Lab & Strategy Genome Platform Suite Pillar 5: StrategyGenomeEngine should execute evolutionary mutations at high throughput (> 10,000 mutations/sec)","status":"passed","title":"Pillar 5: StrategyGenomeEngine should execute evolutionary mutations at high throughput (> 10,000 mutations/sec)","duration":16,"failureMessages":[]}],"startTime":1787350149097,"endTime":1787350149114,"status":"passed","message":"","name":"C:/Users/WDAGUtilityAccount/Downloads/Nova pasta/Lyzer-Edge/lyzer edge/tests/unit/commandCenter/sdk/researchLabSuite.test.js"},{"assertionResults":[{"ancestorTitles":["","Statistical Rigor, Systemic Pruning & Real Workload Audit Suite"],"fullName":" Statistical Rigor, Systemic Pruning & Real Workload Audit Suite 1. StatisticalRigorEngine should calculate PSR and DSR to adjust for multiple testing backtest trials","status":"passed","title":"1. StatisticalRigorEngine should calculate PSR and DSR to adjust for multiple testing backtest trials","duration":0,"failureMessages":[]},{"ancestorTitles":["","Statistical Rigor, Systemic Pruning & Real Workload Audit Suite"],"fullName":" Statistical Rigor, Systemic Pruning & Real Workload Audit Suite 2. StatisticalRigorEngine should evaluate Hansen SPA Superior Predictive Ability test","status":"passed","title":"2. StatisticalRigorEngine should evaluate Hansen SPA Superior Predictive Ability test","duration":0,"failureMessages":[]},{"ancestorTitles":["","Statistical Rigor, Systemic Pruning & Real Workload Audit Suite"],"fullName":" Statistical Rigor, Systemic Pruning & Real Workload Audit Suite 3. SystemicPruningAuditor should audit codebase connectivity and verify 100% wiring efficiency","status":"passed","title":"3. SystemicPruningAuditor should audit codebase connectivity and verify 100% wiring efficiency","duration":0,"failureMessages":[]},{"ancestorTitles":["","Statistical Rigor, Systemic Pruning & Real Workload Audit Suite"],"fullName":" Statistical Rigor, Systemic Pruning & Real Workload Audit Suite 4. RealWorkloadBenchmarker should measure tick throughput, latency, and serialization overhead","status":"passed","title":"4. RealWorkloadBenchmarker should measure tick throughput, latency, and serialization overhead","duration":1,"failureMessages":[]}],"startTime":1787350149817,"endTime":1787350149818,"status":"passed","message":"","name":"C:/Users/WDAGUtilityAccount/Downloads/Nova pasta/Lyzer-Edge/lyzer edge/tests/unit/commandCenter/sdk/statisticalRigorSuite.test.js"},{"assertionResults":[{"ancestorTitles":["","Phase 10 — Guardian Statistical Rigor & Zero-Trust Safety Verification Suite"],"fullName":" Phase 10 — Guardian Statistical Rigor & Zero-Trust Safety Verification Suite 1. StatisticalRigorEngine should calculate PSR and DSR to adjust for multiple testing backtest trials","status":"passed","title":"1. StatisticalRigorEngine should calculate PSR and DSR to adjust for multiple testing backtest trials","duration":0,"failureMessages":[]},{"ancestorTitles":["","Phase 10 — Guardian Statistical Rigor & Zero-Trust Safety Verification Suite"],"fullName":" Phase 10 — Guardian Statistical Rigor & Zero-Trust Safety Verification Suite 2. StatisticalRigorEngine should evaluate Hansen SPA Superior Predictive Ability test","status":"passed","title":"2. StatisticalRigorEngine should evaluate Hansen SPA Superior Predictive Ability test","duration":0,"failureMessages":[]},{"ancestorTitles":["","Phase 10 — Guardian Statistical Rigor & Zero-Trust Safety Verification Suite"],"fullName":" Phase 10 — Guardian Statistical Rigor & Zero-Trust Safety Verification Suite 3. SystemicPruningAuditor should audit codebase connectivity and verify 100% wiring efficiency","status":"passed","title":"3. SystemicPruningAuditor should audit codebase connectivity and verify 100% wiring efficiency","duration":0,"failureMessages":[]},{"ancestorTitles":["","Phase 10 — Guardian Statistical Rigor & Zero-Trust Safety Verification Suite"],"fullName":" Phase 10 — Guardian Statistical Rigor & Zero-Trust Safety Verification Suite 4. RealWorkloadBenchmarker should measure real tick throughput, latency, and serialization overhead","status":"passed","title":"4. RealWorkloadBenchmarker should measure real tick throughput, latency, and serialization overhead","duration":1,"failureMessages":[]},{"ancestorTitles":["","Phase 10 — Guardian Statistical Rigor & Zero-Trust Safety Verification Suite"],"fullName":" Phase 10 — Guardian Statistical Rigor & Zero-Trust Safety Verification Suite 5. StatisticalRigorEngine should conform to TC39 explicit resource management and throw post disposal","status":"passed","title":"5. StatisticalRigorEngine should conform to TC39 explicit resource management and throw post disposal","duration":1,"failureMessages":[]},{"ancestorTitles":["","Phase 10 — Guardian Statistical Rigor & Zero-Trust Safety Verification Suite"],"fullName":" Phase 10 — Guardian Statistical Rigor & Zero-Trust Safety Verification Suite 6. ZERO Trade Signal Safety Invariant: Engines must emit 0 BUY/SELL order execution signals","status":"passed","title":"6. ZERO Trade Signal Safety Invariant: Engines must emit 0 BUY/SELL order execution signals","duration":0,"failureMessages":[]}],"startTime":1787350148480,"endTime":1787350148482,"status":"passed","message":"","name":"C:/Users/WDAGUtilityAccount/Downloads/Nova pasta/Lyzer-Edge/lyzer edge/tests/unit/commandCenter/sdk/statisticalRigorVerification.test.js"},{"assertionResults":[{"ancestorTitles":["","Phase 3.3 - SDK Compliance Gate Audit"],"fullName":" Phase 3.3 - SDK Compliance Gate Audit audits RealityStatusWidget and assigns Gold or Platinum certification","status":"passed","title":"audits RealityStatusWidget and assigns Gold or Platinum certification","duration":32,"failureMessages":[]},{"ancestorTitles":["","Phase 3.3 - SDK Compliance Gate Audit"],"fullName":" Phase 3.3 - SDK Compliance Gate Audit audits ChartHostWidget and assigns Gold or Platinum certification","status":"passed","title":"audits ChartHostWidget and assigns Gold or Platinum certification","duration":29,"failureMessages":[]},{"ancestorTitles":["","Phase 3.3 - SDK Compliance Gate Audit"],"fullName":" Phase 3.3 - SDK Compliance Gate Audit fails uncompliant widget lacking dispose() or invalid manifest","status":"passed","title":"fails uncompliant widget lacking dispose() or invalid manifest","duration":0,"failureMessages":[]}],"startTime":1787350149971,"endTime":1787350150032,"status":"passed","message":"","name":"C:/Users/WDAGUtilityAccount/Downloads/Nova pasta/Lyzer-Edge/lyzer edge/tests/unit/commandCenter/sdk/widgetComplianceGate.test.js"}]}